<?xml version="1.0" encoding="UTF-8"?>
<robot generator="Robot 6.0.2 (Python 3.11.3 on win32)" generated="20230531 14:54:05.537" rpa="false" schemaversion="3">
<suite id="s1" name="Orcamentos1" source="C:\Automacao\MyCommerce-Automacao\MyCommerce\Comercial\Orcamentos\TestCases\Orcamentos1.robot">
<kw name="Run Keywords" library="BuiltIn" type="SETUP">
<arg>Start Sikuli Process</arg>
<arg>AND</arg>
<arg>Ler imagens iniciais</arg>
<arg>AND</arg>
<arg>Connect To Database</arg>
<arg>pymysql</arg>
<arg>${DBName}</arg>
<arg>${DBUser}</arg>
<arg>${DBPass}</arg>
<arg>${DBHost}</arg>
<arg>${DBPort}</arg>
<doc>Executes all the given keywords in a sequence.</doc>
<kw name="Start Sikuli Process" library="SikuliLibrary">
<msg timestamp="20230531 14:54:08.725" level="INFO">Starting process:
java -jar C:\Users\Veniceos\AppData\Local\Programs\Python\Python311\Lib\site-packages\SikuliLibrary\lib\SikuliLibrary.jar 63649 C:\Automacao\MyCommerce-Automacao\results</msg>
<msg timestamp="20230531 14:54:08.731" level="INFO">Start sikuli java process on port 63649</msg>
<msg timestamp="20230531 14:54:09.855" level="INFO">Sikuli java process is started</msg>
<status status="PASS" starttime="20230531 14:54:08.721" endtime="20230531 14:54:11.680"/>
</kw>
<kw name="Ler imagens iniciais" library="keyOrcamentos1">
<kw name="Add Image Path" library="SikuliLibrary">
<arg>${IMAGES}</arg>
<doc>Add image path</doc>
<status status="PASS" starttime="20230531 14:54:11.681" endtime="20230531 14:54:11.706"/>
</kw>
<status status="PASS" starttime="20230531 14:54:11.680" endtime="20230531 14:54:11.706"/>
</kw>
<kw name="Connect To Database" library="DatabaseLibrary">
<arg>pymysql</arg>
<arg>${DBName}</arg>
<arg>${DBUser}</arg>
<arg>${DBPass}</arg>
<arg>${DBHost}</arg>
<arg>${DBPort}</arg>
<doc>Loads the DB API 2.0 module given `dbapiModuleName` then uses it to
connect to the database using `dbName`, `dbUsername`, and `dbPassword`.</doc>
<msg timestamp="20230531 14:54:11.723" level="INFO">Connecting using : pymysql.connect(db=bdvinicius, user=root, passwd=vssql, host=10.1.1.220, port=3306, charset=None) </msg>
<status status="PASS" starttime="20230531 14:54:11.706" endtime="20230531 14:54:11.726"/>
</kw>
<status status="PASS" starttime="20230531 14:54:08.721" endtime="20230531 14:54:11.726"/>
</kw>
<test id="s1-t1" name="Teste 01 - Incluindo produto e fazendo o orçamento de maneira padrão - Á vista" line="14">
<kw name="Dado que acesso a tela de orçamentos" library="keyOrcamentos1">
<kw name="Type With Modifiers" library="SikuliLibrary">
<arg>O</arg>
<arg>CTRL</arg>
<doc>Type with modifiers</doc>
<msg timestamp="20230531 14:54:12.084" level="INFO">Input Text:
CTRL+O
[log] ( Ctrl )  TYPE "O"</msg>
<status status="PASS" starttime="20230531 14:54:11.728" endtime="20230531 14:54:12.084"/>
</kw>
<kw name="Wait Until Screen Contain" library="SikuliLibrary">
<arg>${TELA_ORCAMENTO}</arg>
<arg>${TEMPO_TELA}</arg>
<doc>Wait until screen contain
 Wait until image shown in screen</doc>
<msg timestamp="20230531 14:54:12.475" level="INFO" html="true">&lt;img src='sikuli_captured/sikuliximage-1685555652463.png'/&gt;</msg>
<status status="PASS" starttime="20230531 14:54:12.084" endtime="20230531 14:54:12.475"/>
</kw>
<kw name="Sleep" library="BuiltIn">
<arg>${SLEEP_BAIXO}</arg>
<doc>Pauses the test executed for the given time.</doc>
<msg timestamp="20230531 14:54:12.776" level="INFO">Slept 300 milliseconds</msg>
<status status="PASS" starttime="20230531 14:54:12.476" endtime="20230531 14:54:12.776"/>
</kw>
<status status="PASS" starttime="20230531 14:54:11.727" endtime="20230531 14:54:12.776"/>
</kw>
<kw name="Quando pressiono o atalho de adicionar" library="keyOrcamentos1">
<kw name="Press Combination" library="ImageHorizonLibrary">
<arg>KEY.ALT</arg>
<arg>Key.A</arg>
<doc>Press given keyboard keys.</doc>
<status status="PASS" starttime="20230531 14:54:12.777" endtime="20230531 14:54:12.883"/>
</kw>
<kw name="Wait Until Screen Contain" library="SikuliLibrary">
<arg>${TELA_ORC_ADICIONAR}</arg>
<arg>${TEMPO_TELA}</arg>
<doc>Wait until screen contain
 Wait until image shown in screen</doc>
<msg timestamp="20230531 14:54:13.189" level="INFO" html="true">&lt;img src='sikuli_captured/sikuliximage-1685555653182.png'/&gt;</msg>
<status status="PASS" starttime="20230531 14:54:12.883" endtime="20230531 14:54:13.190"/>
</kw>
<kw name="Sleep" library="BuiltIn">
<arg>${SLEEP_ALTO}</arg>
<doc>Pauses the test executed for the given time.</doc>
<msg timestamp="20230531 14:54:16.190" level="INFO">Slept 3 seconds</msg>
<status status="PASS" starttime="20230531 14:54:13.190" endtime="20230531 14:54:16.190"/>
</kw>
<kw name="Query" library="DatabaseLibrary">
<var>${Consulta}</var>
<arg>SELECT Codigo FROM orcamentos ORDER BY Codigo DESC LIMIT 1;</arg>
<doc>Uses the input `selectStatement` to query for the values that will be returned as a list of tuples. Set optional
input `sansTran` to True to run command without an explicit transaction commit or rollback.
Set optional input `returnAsDict` to True to return values as a list of dictionaries.</doc>
<msg timestamp="20230531 14:54:16.190" level="INFO">Executing : Query  |  SELECT Codigo FROM orcamentos ORDER BY Codigo DESC LIMIT 1; </msg>
<msg timestamp="20230531 14:54:16.192" level="INFO">${Consulta} = ((1296,),)</msg>
<status status="PASS" starttime="20230531 14:54:16.190" endtime="20230531 14:54:16.192"/>
</kw>
<kw name="Set Test Variable" library="BuiltIn">
<arg>${COD_ORCAMENTO}</arg>
<arg>${Consulta[0][0]}</arg>
<doc>Makes a variable available everywhere within the scope of the current test.</doc>
<msg timestamp="20230531 14:54:16.194" level="INFO">${COD_ORCAMENTO} = 1296</msg>
<status status="PASS" starttime="20230531 14:54:16.192" endtime="20230531 14:54:16.194"/>
</kw>
<status status="PASS" starttime="20230531 14:54:12.776" endtime="20230531 14:54:16.194"/>
</kw>
<kw name="E insiro Vendedor e Cliente" library="keyOrcamentos1">
<kw name="Input Text" library="SikuliLibrary">
<arg>${EMPTY}</arg>
<arg>${COD_VENDEDOR}</arg>
<doc>Input text.
 Image could be empty</doc>
<msg timestamp="20230531 14:54:16.398" level="INFO">Input Text:
13
[log]  TYPE "13"</msg>
<status status="PASS" starttime="20230531 14:54:16.195" endtime="20230531 14:54:16.398"/>
</kw>
<kw name="Sleep" library="BuiltIn">
<arg>${SLEEP_BAIXO}</arg>
<doc>Pauses the test executed for the given time.</doc>
<msg timestamp="20230531 14:54:16.698" level="INFO">Slept 300 milliseconds</msg>
<status status="PASS" starttime="20230531 14:54:16.398" endtime="20230531 14:54:16.698"/>
</kw>
<kw name="Press Special Key" library="SikuliLibrary">
<arg>TAB</arg>
<doc>Press special key
 Presses a special keyboard key.</doc>
<msg timestamp="20230531 14:54:16.804" level="INFO">[log]  TYPE "#TAB."</msg>
<status status="PASS" starttime="20230531 14:54:16.698" endtime="20230531 14:54:16.804"/>
</kw>
<kw name="Sleep" library="BuiltIn">
<arg>${SLEEP_BAIXO}</arg>
<doc>Pauses the test executed for the given time.</doc>
<msg timestamp="20230531 14:54:17.104" level="INFO">Slept 300 milliseconds</msg>
<status status="PASS" starttime="20230531 14:54:16.804" endtime="20230531 14:54:17.104"/>
</kw>
<kw name="Press Special Key" library="SikuliLibrary">
<arg>TAB</arg>
<doc>Press special key
 Presses a special keyboard key.</doc>
<msg timestamp="20230531 14:54:17.210" level="INFO">[log]  TYPE "#TAB."</msg>
<status status="PASS" starttime="20230531 14:54:17.104" endtime="20230531 14:54:17.211"/>
</kw>
<kw name="Sleep" library="BuiltIn">
<arg>${SLEEP_BAIXO}</arg>
<doc>Pauses the test executed for the given time.</doc>
<msg timestamp="20230531 14:54:17.512" level="INFO">Slept 300 milliseconds</msg>
<status status="PASS" starttime="20230531 14:54:17.211" endtime="20230531 14:54:17.512"/>
</kw>
<kw name="Input Text" library="SikuliLibrary">
<arg>${EMPTY}</arg>
<arg>${COD_CLIENTE}</arg>
<doc>Input text.
 Image could be empty</doc>
<msg timestamp="20230531 14:54:17.724" level="INFO">Input Text:
18
[log]  TYPE "18"</msg>
<status status="PASS" starttime="20230531 14:54:17.512" endtime="20230531 14:54:17.724"/>
</kw>
<kw name="Sleep" library="BuiltIn">
<arg>${SLEEP_BAIXO}</arg>
<doc>Pauses the test executed for the given time.</doc>
<msg timestamp="20230531 14:54:18.024" level="INFO">Slept 300 milliseconds</msg>
<status status="PASS" starttime="20230531 14:54:17.724" endtime="20230531 14:54:18.024"/>
</kw>
<kw name="Press Special Key" library="SikuliLibrary">
<arg>TAB</arg>
<doc>Press special key
 Presses a special keyboard key.</doc>
<msg timestamp="20230531 14:54:18.138" level="INFO">[log]  TYPE "#TAB."</msg>
<status status="PASS" starttime="20230531 14:54:18.024" endtime="20230531 14:54:18.139"/>
</kw>
<kw name="Sleep" library="BuiltIn">
<arg>${SLEEP_BAIXO}</arg>
<doc>Pauses the test executed for the given time.</doc>
<msg timestamp="20230531 14:54:18.439" level="INFO">Slept 300 milliseconds</msg>
<status status="PASS" starttime="20230531 14:54:18.139" endtime="20230531 14:54:18.439"/>
</kw>
<kw name="Verificar se objeto está visivel" library="keyOrcamentos1">
<kw name="Exists" library="SikuliLibrary">
<var>${TELA_ORC}</var>
<arg>${TELA_ORC_SEM_OBJETO}</arg>
<doc>Exists</doc>
<msg timestamp="20230531 14:54:18.722" level="INFO">${TELA_ORC} = True</msg>
<status status="PASS" starttime="20230531 14:54:18.439" endtime="20230531 14:54:18.722"/>
</kw>
<kw name="Sleep" library="BuiltIn">
<arg>${SLEEP_BAIXO}</arg>
<doc>Pauses the test executed for the given time.</doc>
<msg timestamp="20230531 14:54:19.024" level="INFO">Slept 300 milliseconds</msg>
<status status="PASS" starttime="20230531 14:54:18.722" endtime="20230531 14:54:19.024"/>
</kw>
<if>
<branch type="IF" condition="${TELA_ORC} == ${True}">
<kw name="Click" library="SikuliLibrary">
<arg>${BT_ABRIR_OBJETO}</arg>
<doc>Click</doc>
<msg timestamp="20230531 14:54:20.135" level="INFO" html="true">&lt;img src='sikuli_captured/sikuliximage-1685555659305.png'/&gt;
[log] CLICK on L[1349,469]@S(0) (574 msec)</msg>
<status status="PASS" starttime="20230531 14:54:19.024" endtime="20230531 14:54:20.136"/>
</kw>
<status status="PASS" starttime="20230531 14:54:19.024" endtime="20230531 14:54:20.136"/>
</branch>
<status status="PASS" starttime="20230531 14:54:19.024" endtime="20230531 14:54:20.136"/>
</if>
<status status="PASS" starttime="20230531 14:54:18.439" endtime="20230531 14:54:20.136"/>
</kw>
<status status="PASS" starttime="20230531 14:54:16.194" endtime="20230531 14:54:20.136"/>
</kw>
<kw name="Quando insiro um produto(${COD_PRODUTO_NORMAL})" library="keyOrcamentos1" sourcename="Quando insiro um produto(${COD_PRODUTO})">
<kw name="Press Combination" library="ImageHorizonLibrary">
<arg>KEY.ALT</arg>
<arg>Key.P</arg>
<doc>Press given keyboard keys.</doc>
<status status="PASS" starttime="20230531 14:54:20.137" endtime="20230531 14:54:20.240"/>
</kw>
<kw name="Sleep" library="BuiltIn">
<arg>${SLEEP_BAIXO}</arg>
<doc>Pauses the test executed for the given time.</doc>
<msg timestamp="20230531 14:54:20.541" level="INFO">Slept 300 milliseconds</msg>
<status status="PASS" starttime="20230531 14:54:20.240" endtime="20230531 14:54:20.541"/>
</kw>
<kw name="Input Text" library="SikuliLibrary">
<arg>${EMPTY}</arg>
<arg>${COD_PRODUTO}</arg>
<doc>Input text.
 Image could be empty</doc>
<msg timestamp="20230531 14:54:20.645" level="INFO">Input Text:
3
[log]  TYPE "3"</msg>
<status status="PASS" starttime="20230531 14:54:20.541" endtime="20230531 14:54:20.646"/>
</kw>
<for flavor="IN RANGE">
<var>${I}</var>
<value>4</value>
<iter>
<var name="${I}">0</var>
<kw name="Press Special Key" library="SikuliLibrary">
<arg>TAB</arg>
<doc>Press special key
 Presses a special keyboard key.</doc>
<msg timestamp="20230531 14:54:20.752" level="INFO">[log]  TYPE "#TAB."</msg>
<status status="PASS" starttime="20230531 14:54:20.646" endtime="20230531 14:54:20.753"/>
</kw>
<status status="PASS" starttime="20230531 14:54:20.646" endtime="20230531 14:54:20.753"/>
</iter>
<iter>
<var name="${I}">1</var>
<kw name="Press Special Key" library="SikuliLibrary">
<arg>TAB</arg>
<doc>Press special key
 Presses a special keyboard key.</doc>
<msg timestamp="20230531 14:54:20.859" level="INFO">[log]  TYPE "#TAB."</msg>
<status status="PASS" starttime="20230531 14:54:20.753" endtime="20230531 14:54:20.859"/>
</kw>
<status status="PASS" starttime="20230531 14:54:20.753" endtime="20230531 14:54:20.860"/>
</iter>
<iter>
<var name="${I}">2</var>
<kw name="Press Special Key" library="SikuliLibrary">
<arg>TAB</arg>
<doc>Press special key
 Presses a special keyboard key.</doc>
<msg timestamp="20230531 14:54:20.967" level="INFO">[log]  TYPE "#TAB."</msg>
<status status="PASS" starttime="20230531 14:54:20.860" endtime="20230531 14:54:20.967"/>
</kw>
<status status="PASS" starttime="20230531 14:54:20.860" endtime="20230531 14:54:20.967"/>
</iter>
<iter>
<var name="${I}">3</var>
<kw name="Press Special Key" library="SikuliLibrary">
<arg>TAB</arg>
<doc>Press special key
 Presses a special keyboard key.</doc>
<msg timestamp="20230531 14:54:21.077" level="INFO">[log]  TYPE "#TAB."</msg>
<status status="PASS" starttime="20230531 14:54:20.967" endtime="20230531 14:54:21.077"/>
</kw>
<status status="PASS" starttime="20230531 14:54:20.967" endtime="20230531 14:54:21.077"/>
</iter>
<status status="PASS" starttime="20230531 14:54:20.646" endtime="20230531 14:54:21.077"/>
</for>
<kw name="Sleep" library="BuiltIn">
<arg>${SLEEP_BAIXO}</arg>
<doc>Pauses the test executed for the given time.</doc>
<msg timestamp="20230531 14:54:21.378" level="INFO">Slept 300 milliseconds</msg>
<status status="PASS" starttime="20230531 14:54:21.077" endtime="20230531 14:54:21.378"/>
</kw>
<kw name="Press Combination" library="ImageHorizonLibrary">
<arg>KEY.ALT</arg>
<arg>Key.I</arg>
<doc>Press given keyboard keys.</doc>
<status status="PASS" starttime="20230531 14:54:21.378" endtime="20230531 14:54:21.479"/>
</kw>
<kw name="Sleep" library="BuiltIn">
<arg>${SLEEP_BAIXO}</arg>
<doc>Pauses the test executed for the given time.</doc>
<msg timestamp="20230531 14:54:21.780" level="INFO">Slept 300 milliseconds</msg>
<status status="PASS" starttime="20230531 14:54:21.479" endtime="20230531 14:54:21.780"/>
</kw>
<kw name="Verifica Produto Incluiu Correto" library="verificaInclusaoProduto">
<var>${verificacao}</var>
<arg>Orcamentos</arg>
<arg>${COD_PRODUTO}</arg>
<arg>${COD_ORCAMENTO}</arg>
<msg timestamp="20230531 14:54:21.794" level="INFO">${verificacao} = True</msg>
<status status="PASS" starttime="20230531 14:54:21.780" endtime="20230531 14:54:21.794"/>
</kw>
<kw name="Should Be Equal" library="BuiltIn">
<arg>${verificacao}</arg>
<arg>${True}</arg>
<doc>Fails if the given objects are unequal.</doc>
<status status="PASS" starttime="20230531 14:54:21.794" endtime="20230531 14:54:21.794"/>
</kw>
<status status="PASS" starttime="20230531 14:54:20.136" endtime="20230531 14:54:21.794"/>
</kw>
<kw name="Então finalizo o orçamento como a vista" library="keyOrcamentos1">
<kw name="Press Combination" library="ImageHorizonLibrary">
<arg>KEY.ALT</arg>
<arg>Key.m</arg>
<doc>Press given keyboard keys.</doc>
<status status="PASS" starttime="20230531 14:54:21.795" endtime="20230531 14:54:21.897"/>
</kw>
<kw name="Sleep" library="BuiltIn">
<arg>${SLEEP_BAIXO}</arg>
<doc>Pauses the test executed for the given time.</doc>
<msg timestamp="20230531 14:54:22.197" level="INFO">Slept 300 milliseconds</msg>
<status status="PASS" starttime="20230531 14:54:21.897" endtime="20230531 14:54:22.197"/>
</kw>
<for flavor="IN RANGE">
<var>${I}</var>
<value>3</value>
<iter>
<var name="${I}">0</var>
<kw name="Press Special Key" library="SikuliLibrary">
<arg>TAB</arg>
<doc>Press special key
 Presses a special keyboard key.</doc>
<msg timestamp="20230531 14:54:22.309" level="INFO">[log]  TYPE "#TAB."</msg>
<status status="PASS" starttime="20230531 14:54:22.197" endtime="20230531 14:54:22.309"/>
</kw>
<status status="PASS" starttime="20230531 14:54:22.197" endtime="20230531 14:54:22.310"/>
</iter>
<iter>
<var name="${I}">1</var>
<kw name="Press Special Key" library="SikuliLibrary">
<arg>TAB</arg>
<doc>Press special key
 Presses a special keyboard key.</doc>
<msg timestamp="20230531 14:54:22.418" level="INFO">[log]  TYPE "#TAB."</msg>
<status status="PASS" starttime="20230531 14:54:22.310" endtime="20230531 14:54:22.419"/>
</kw>
<status status="PASS" starttime="20230531 14:54:22.310" endtime="20230531 14:54:22.419"/>
</iter>
<iter>
<var name="${I}">2</var>
<kw name="Press Special Key" library="SikuliLibrary">
<arg>TAB</arg>
<doc>Press special key
 Presses a special keyboard key.</doc>
<msg timestamp="20230531 14:54:22.534" level="INFO">[log]  TYPE "#TAB."</msg>
<status status="PASS" starttime="20230531 14:54:22.419" endtime="20230531 14:54:22.534"/>
</kw>
<status status="PASS" starttime="20230531 14:54:22.419" endtime="20230531 14:54:22.534"/>
</iter>
<status status="PASS" starttime="20230531 14:54:22.197" endtime="20230531 14:54:22.534"/>
</for>
<kw name="Press Special Key" library="SikuliLibrary">
<arg>DOWN</arg>
<doc>Press special key
 Presses a special keyboard key.</doc>
<msg timestamp="20230531 14:54:22.635" level="INFO">[log]  TYPE "#DOWN."</msg>
<status status="PASS" starttime="20230531 14:54:22.534" endtime="20230531 14:54:22.636"/>
</kw>
<kw name="Press Combination" library="ImageHorizonLibrary">
<arg>KEY.ALT</arg>
<arg>Key.G</arg>
<doc>Press given keyboard keys.</doc>
<status status="PASS" starttime="20230531 14:54:22.636" endtime="20230531 14:54:22.738"/>
</kw>
<kw name="Wait Until Screen Contain" library="SikuliLibrary">
<arg>${TELA_ORCAMENTO}</arg>
<arg>${TEMPO_TELA}</arg>
<doc>Wait until screen contain
 Wait until image shown in screen</doc>
<msg timestamp="20230531 14:54:23.020" level="INFO" html="true">&lt;img src='sikuli_captured/sikuliximage-1685555663010.png'/&gt;</msg>
<status status="PASS" starttime="20230531 14:54:22.738" endtime="20230531 14:54:23.020"/>
</kw>
<kw name="Valida valores finais do orçamento" library="keyOrcamentos1">
<kw name="Query" library="DatabaseLibrary">
<var>${VALOR_ENTRADA}</var>
<arg>SELECT o.ValorEntrada FROM orcamentos AS o WHERE Codigo = ${COD_ORCAMENTO}</arg>
<doc>Uses the input `selectStatement` to query for the values that will be returned as a list of tuples. Set optional
input `sansTran` to True to run command without an explicit transaction commit or rollback.
Set optional input `returnAsDict` to True to return values as a list of dictionaries.</doc>
<msg timestamp="20230531 14:54:23.021" level="INFO">Executing : Query  |  SELECT o.ValorEntrada FROM orcamentos AS o WHERE Codigo = 1296 </msg>
<msg timestamp="20230531 14:54:23.031" level="INFO">${VALOR_ENTRADA} = ((4.08,),)</msg>
<status status="PASS" starttime="20230531 14:54:23.021" endtime="20230531 14:54:23.031"/>
</kw>
<kw name="Sleep" library="BuiltIn">
<arg>${SLEEP_BAIXO}</arg>
<doc>Pauses the test executed for the given time.</doc>
<msg timestamp="20230531 14:54:23.332" level="INFO">Slept 300 milliseconds</msg>
<status status="PASS" starttime="20230531 14:54:23.031" endtime="20230531 14:54:23.332"/>
</kw>
<kw name="Query" library="DatabaseLibrary">
<var>${VALOR_FINALPAG}</var>
<arg>SELECT o.ValorFinalPagamentos FROM orcamentos AS o WHERE Codigo = ${COD_ORCAMENTO}</arg>
<doc>Uses the input `selectStatement` to query for the values that will be returned as a list of tuples. Set optional
input `sansTran` to True to run command without an explicit transaction commit or rollback.
Set optional input `returnAsDict` to True to return values as a list of dictionaries.</doc>
<msg timestamp="20230531 14:54:23.332" level="INFO">Executing : Query  |  SELECT o.ValorFinalPagamentos FROM orcamentos AS o WHERE Codigo = 1296 </msg>
<msg timestamp="20230531 14:54:23.334" level="INFO">${VALOR_FINALPAG} = ((4.08,),)</msg>
<status status="PASS" starttime="20230531 14:54:23.332" endtime="20230531 14:54:23.334"/>
</kw>
<kw name="Sleep" library="BuiltIn">
<arg>${SLEEP_BAIXO}</arg>
<doc>Pauses the test executed for the given time.</doc>
<msg timestamp="20230531 14:54:23.634" level="INFO">Slept 300 milliseconds</msg>
<status status="PASS" starttime="20230531 14:54:23.334" endtime="20230531 14:54:23.634"/>
</kw>
<kw name="Query" library="DatabaseLibrary">
<var>${TOTAL_PEDIDO}</var>
<arg>SELECT o.TotalPedido FROM orcamentos AS o WHERE Codigo = ${COD_ORCAMENTO}</arg>
<doc>Uses the input `selectStatement` to query for the values that will be returned as a list of tuples. Set optional
input `sansTran` to True to run command without an explicit transaction commit or rollback.
Set optional input `returnAsDict` to True to return values as a list of dictionaries.</doc>
<msg timestamp="20230531 14:54:23.634" level="INFO">Executing : Query  |  SELECT o.TotalPedido FROM orcamentos AS o WHERE Codigo = 1296 </msg>
<msg timestamp="20230531 14:54:23.635" level="INFO">${TOTAL_PEDIDO} = ((4.08,),)</msg>
<status status="PASS" starttime="20230531 14:54:23.634" endtime="20230531 14:54:23.635"/>
</kw>
<kw name="Sleep" library="BuiltIn">
<arg>${SLEEP_BAIXO}</arg>
<doc>Pauses the test executed for the given time.</doc>
<msg timestamp="20230531 14:54:23.937" level="INFO">Slept 300 milliseconds</msg>
<status status="PASS" starttime="20230531 14:54:23.635" endtime="20230531 14:54:23.937"/>
</kw>
<kw name="Query" library="DatabaseLibrary">
<var>${FORMA_PARCELAMENTO}</var>
<arg>SELECT o.FormaParcelamento FROM orcamentos AS o WHERE Codigo = ${COD_ORCAMENTO}</arg>
<doc>Uses the input `selectStatement` to query for the values that will be returned as a list of tuples. Set optional
input `sansTran` to True to run command without an explicit transaction commit or rollback.
Set optional input `returnAsDict` to True to return values as a list of dictionaries.</doc>
<msg timestamp="20230531 14:54:23.937" level="INFO">Executing : Query  |  SELECT o.FormaParcelamento FROM orcamentos AS o WHERE Codigo = 1296 </msg>
<msg timestamp="20230531 14:54:23.939" level="INFO">${FORMA_PARCELAMENTO} = (('001 - À VISTA',),)</msg>
<status status="PASS" starttime="20230531 14:54:23.937" endtime="20230531 14:54:23.939"/>
</kw>
<kw name="Convert To String" library="BuiltIn">
<var>${forma_avista}</var>
<arg>001 - À VISTA</arg>
<doc>Converts the given item to a Unicode string.</doc>
<msg timestamp="20230531 14:54:23.939" level="INFO">${forma_avista} = 001 - À VISTA</msg>
<status status="PASS" starttime="20230531 14:54:23.939" endtime="20230531 14:54:23.939"/>
</kw>
<kw name="Should Be Equal As Strings" library="BuiltIn">
<var>${verifica_forma}</var>
<arg>${FORMA_PARCELAMENTO[0][0]}</arg>
<arg>${forma_avista}</arg>
<doc>Fails if objects are unequal after converting them to strings.</doc>
<msg timestamp="20230531 14:54:23.940" level="INFO">${verifica_forma} = None</msg>
<status status="PASS" starttime="20230531 14:54:23.939" endtime="20230531 14:54:23.940"/>
</kw>
<if>
<branch type="IF" condition="${verifica_forma} == ${True}">
<kw name="Should Be Equal" library="BuiltIn">
<arg>${TOTAL_PEDIDO[0][0]}</arg>
<arg>${VALOR_ENTRADA[0][0]}</arg>
<doc>Fails if the given objects are unequal.</doc>
<status status="NOT RUN" starttime="20230531 14:54:23.940" endtime="20230531 14:54:23.940"/>
</kw>
<kw name="Sleep" library="BuiltIn">
<arg>${SLEEP_BAIXO}</arg>
<doc>Pauses the test executed for the given time.</doc>
<status status="NOT RUN" starttime="20230531 14:54:23.940" endtime="20230531 14:54:23.941"/>
</kw>
<status status="NOT RUN" starttime="20230531 14:54:23.940" endtime="20230531 14:54:23.941"/>
</branch>
<status status="PASS" starttime="20230531 14:54:23.940" endtime="20230531 14:54:23.941"/>
</if>
<kw name="Sleep" library="BuiltIn">
<arg>${SLEEP_BAIXO}</arg>
<doc>Pauses the test executed for the given time.</doc>
<msg timestamp="20230531 14:54:24.241" level="INFO">Slept 300 milliseconds</msg>
<status status="PASS" starttime="20230531 14:54:23.941" endtime="20230531 14:54:24.241"/>
</kw>
<kw name="Should Be Equal" library="BuiltIn">
<arg>${TOTAL_PEDIDO[0][0]}</arg>
<arg>${VALOR_FINALPAG[0][0]}</arg>
<doc>Fails if the given objects are unequal.</doc>
<status status="PASS" starttime="20230531 14:54:24.241" endtime="20230531 14:54:24.242"/>
</kw>
<status status="PASS" starttime="20230531 14:54:23.021" endtime="20230531 14:54:24.242"/>
</kw>
<status status="PASS" starttime="20230531 14:54:21.794" endtime="20230531 14:54:24.242"/>
</kw>
<tag>Teste01</tag>
<status status="PASS" starttime="20230531 14:54:11.727" endtime="20230531 14:54:24.243"/>
</test>
<test id="s1-t2" name="Teste 02 - Incluindo serviço e produto de maneira padrão - Á vista" line="22">
<kw name="Dado que acesso a tela de orçamentos" library="keyOrcamentos1">
<kw name="Type With Modifiers" library="SikuliLibrary">
<arg>O</arg>
<arg>CTRL</arg>
<doc>Type with modifiers</doc>
<msg timestamp="20230531 14:54:24.488" level="INFO">Input Text:
CTRL+O
[log] ( Ctrl )  TYPE "O"</msg>
<status status="PASS" starttime="20230531 14:54:24.245" endtime="20230531 14:54:24.489"/>
</kw>
<kw name="Wait Until Screen Contain" library="SikuliLibrary">
<arg>${TELA_ORCAMENTO}</arg>
<arg>${TEMPO_TELA}</arg>
<doc>Wait until screen contain
 Wait until image shown in screen</doc>
<msg timestamp="20230531 14:54:24.716" level="INFO" html="true">&lt;img src='sikuli_captured/sikuliximage-1685555664710.png'/&gt;</msg>
<status status="PASS" starttime="20230531 14:54:24.489" endtime="20230531 14:54:24.717"/>
</kw>
<kw name="Sleep" library="BuiltIn">
<arg>${SLEEP_BAIXO}</arg>
<doc>Pauses the test executed for the given time.</doc>
<msg timestamp="20230531 14:54:25.017" level="INFO">Slept 300 milliseconds</msg>
<status status="PASS" starttime="20230531 14:54:24.717" endtime="20230531 14:54:25.017"/>
</kw>
<status status="PASS" starttime="20230531 14:54:24.244" endtime="20230531 14:54:25.017"/>
</kw>
<kw name="Quando pressiono o atalho de adicionar" library="keyOrcamentos1">
<kw name="Press Combination" library="ImageHorizonLibrary">
<arg>KEY.ALT</arg>
<arg>Key.A</arg>
<doc>Press given keyboard keys.</doc>
<status status="PASS" starttime="20230531 14:54:25.018" endtime="20230531 14:54:25.120"/>
</kw>
<kw name="Wait Until Screen Contain" library="SikuliLibrary">
<arg>${TELA_ORC_ADICIONAR}</arg>
<arg>${TEMPO_TELA}</arg>
<doc>Wait until screen contain
 Wait until image shown in screen</doc>
<msg timestamp="20230531 14:54:25.406" level="INFO" html="true">&lt;img src='sikuli_captured/sikuliximage-1685555665402.png'/&gt;</msg>
<status status="PASS" starttime="20230531 14:54:25.120" endtime="20230531 14:54:25.406"/>
</kw>
<kw name="Sleep" library="BuiltIn">
<arg>${SLEEP_ALTO}</arg>
<doc>Pauses the test executed for the given time.</doc>
<msg timestamp="20230531 14:54:28.408" level="INFO">Slept 3 seconds</msg>
<status status="PASS" starttime="20230531 14:54:25.407" endtime="20230531 14:54:28.408"/>
</kw>
<kw name="Query" library="DatabaseLibrary">
<var>${Consulta}</var>
<arg>SELECT Codigo FROM orcamentos ORDER BY Codigo DESC LIMIT 1;</arg>
<doc>Uses the input `selectStatement` to query for the values that will be returned as a list of tuples. Set optional
input `sansTran` to True to run command without an explicit transaction commit or rollback.
Set optional input `returnAsDict` to True to return values as a list of dictionaries.</doc>
<msg timestamp="20230531 14:54:28.408" level="INFO">Executing : Query  |  SELECT Codigo FROM orcamentos ORDER BY Codigo DESC LIMIT 1; </msg>
<msg timestamp="20230531 14:54:28.410" level="INFO">${Consulta} = ((1297,),)</msg>
<status status="PASS" starttime="20230531 14:54:28.408" endtime="20230531 14:54:28.410"/>
</kw>
<kw name="Set Test Variable" library="BuiltIn">
<arg>${COD_ORCAMENTO}</arg>
<arg>${Consulta[0][0]}</arg>
<doc>Makes a variable available everywhere within the scope of the current test.</doc>
<msg timestamp="20230531 14:54:28.412" level="INFO">${COD_ORCAMENTO} = 1297</msg>
<status status="PASS" starttime="20230531 14:54:28.410" endtime="20230531 14:54:28.412"/>
</kw>
<status status="PASS" starttime="20230531 14:54:25.018" endtime="20230531 14:54:28.412"/>
</kw>
<kw name="E insiro Vendedor e Cliente" library="keyOrcamentos1">
<kw name="Input Text" library="SikuliLibrary">
<arg>${EMPTY}</arg>
<arg>${COD_VENDEDOR}</arg>
<doc>Input text.
 Image could be empty</doc>
<msg timestamp="20230531 14:54:28.614" level="INFO">Input Text:
13
[log]  TYPE "13"</msg>
<status status="PASS" starttime="20230531 14:54:28.413" endtime="20230531 14:54:28.615"/>
</kw>
<kw name="Sleep" library="BuiltIn">
<arg>${SLEEP_BAIXO}</arg>
<doc>Pauses the test executed for the given time.</doc>
<msg timestamp="20230531 14:54:28.915" level="INFO">Slept 300 milliseconds</msg>
<status status="PASS" starttime="20230531 14:54:28.615" endtime="20230531 14:54:28.915"/>
</kw>
<kw name="Press Special Key" library="SikuliLibrary">
<arg>TAB</arg>
<doc>Press special key
 Presses a special keyboard key.</doc>
<msg timestamp="20230531 14:54:29.018" level="INFO">[log]  TYPE "#TAB."</msg>
<status status="PASS" starttime="20230531 14:54:28.915" endtime="20230531 14:54:29.019"/>
</kw>
<kw name="Sleep" library="BuiltIn">
<arg>${SLEEP_BAIXO}</arg>
<doc>Pauses the test executed for the given time.</doc>
<msg timestamp="20230531 14:54:29.320" level="INFO">Slept 300 milliseconds</msg>
<status status="PASS" starttime="20230531 14:54:29.019" endtime="20230531 14:54:29.320"/>
</kw>
<kw name="Press Special Key" library="SikuliLibrary">
<arg>TAB</arg>
<doc>Press special key
 Presses a special keyboard key.</doc>
<msg timestamp="20230531 14:54:29.420" level="INFO">[log]  TYPE "#TAB."</msg>
<status status="PASS" starttime="20230531 14:54:29.320" endtime="20230531 14:54:29.421"/>
</kw>
<kw name="Sleep" library="BuiltIn">
<arg>${SLEEP_BAIXO}</arg>
<doc>Pauses the test executed for the given time.</doc>
<msg timestamp="20230531 14:54:29.721" level="INFO">Slept 300 milliseconds</msg>
<status status="PASS" starttime="20230531 14:54:29.421" endtime="20230531 14:54:29.721"/>
</kw>
<kw name="Input Text" library="SikuliLibrary">
<arg>${EMPTY}</arg>
<arg>${COD_CLIENTE}</arg>
<doc>Input text.
 Image could be empty</doc>
<msg timestamp="20230531 14:54:29.920" level="INFO">Input Text:
18
[log]  TYPE "18"</msg>
<status status="PASS" starttime="20230531 14:54:29.721" endtime="20230531 14:54:29.921"/>
</kw>
<kw name="Sleep" library="BuiltIn">
<arg>${SLEEP_BAIXO}</arg>
<doc>Pauses the test executed for the given time.</doc>
<msg timestamp="20230531 14:54:30.221" level="INFO">Slept 300 milliseconds</msg>
<status status="PASS" starttime="20230531 14:54:29.921" endtime="20230531 14:54:30.221"/>
</kw>
<kw name="Press Special Key" library="SikuliLibrary">
<arg>TAB</arg>
<doc>Press special key
 Presses a special keyboard key.</doc>
<msg timestamp="20230531 14:54:30.331" level="INFO">[log]  TYPE "#TAB."</msg>
<status status="PASS" starttime="20230531 14:54:30.221" endtime="20230531 14:54:30.332"/>
</kw>
<kw name="Sleep" library="BuiltIn">
<arg>${SLEEP_BAIXO}</arg>
<doc>Pauses the test executed for the given time.</doc>
<msg timestamp="20230531 14:54:30.633" level="INFO">Slept 300 milliseconds</msg>
<status status="PASS" starttime="20230531 14:54:30.332" endtime="20230531 14:54:30.633"/>
</kw>
<kw name="Verificar se objeto está visivel" library="keyOrcamentos1">
<kw name="Exists" library="SikuliLibrary">
<var>${TELA_ORC}</var>
<arg>${TELA_ORC_SEM_OBJETO}</arg>
<doc>Exists</doc>
<msg timestamp="20230531 14:54:30.935" level="INFO">${TELA_ORC} = True</msg>
<status status="PASS" starttime="20230531 14:54:30.633" endtime="20230531 14:54:30.935"/>
</kw>
<kw name="Sleep" library="BuiltIn">
<arg>${SLEEP_BAIXO}</arg>
<doc>Pauses the test executed for the given time.</doc>
<msg timestamp="20230531 14:54:31.236" level="INFO">Slept 300 milliseconds</msg>
<status status="PASS" starttime="20230531 14:54:30.936" endtime="20230531 14:54:31.236"/>
</kw>
<if>
<branch type="IF" condition="${TELA_ORC} == ${True}">
<kw name="Click" library="SikuliLibrary">
<arg>${BT_ABRIR_OBJETO}</arg>
<doc>Click</doc>
<msg timestamp="20230531 14:54:31.802" level="INFO" html="true">&lt;img src='sikuli_captured/sikuliximage-1685555671502.png'/&gt;
[log] CLICK on L[1349,469]@S(0) (66 msec)</msg>
<status status="PASS" starttime="20230531 14:54:31.236" endtime="20230531 14:54:31.802"/>
</kw>
<status status="PASS" starttime="20230531 14:54:31.236" endtime="20230531 14:54:31.802"/>
</branch>
<status status="PASS" starttime="20230531 14:54:31.236" endtime="20230531 14:54:31.802"/>
</if>
<status status="PASS" starttime="20230531 14:54:30.633" endtime="20230531 14:54:31.802"/>
</kw>
<status status="PASS" starttime="20230531 14:54:28.412" endtime="20230531 14:54:31.802"/>
</kw>
<kw name="Quando informo um objeto" library="keyOrcamentos1">
<kw name="Click" library="SikuliLibrary">
<arg>${BT_DOWN_OBJETO}</arg>
<doc>Click</doc>
<msg timestamp="20230531 14:54:33.223" level="INFO" html="true">&lt;img src='sikuli_captured/sikuliximage-1685555672400.png'/&gt;
[log] CLICK on L[664,450]@S(0) (577 msec)</msg>
<status status="PASS" starttime="20230531 14:54:31.803" endtime="20230531 14:54:33.223"/>
</kw>
<kw name="Sleep" library="BuiltIn">
<arg>${SLEEP_BAIXO}</arg>
<doc>Pauses the test executed for the given time.</doc>
<msg timestamp="20230531 14:54:33.523" level="INFO">Slept 300 milliseconds</msg>
<status status="PASS" starttime="20230531 14:54:33.223" endtime="20230531 14:54:33.523"/>
</kw>
<kw name="Press Special Key" library="SikuliLibrary">
<arg>DOWN</arg>
<doc>Press special key
 Presses a special keyboard key.</doc>
<msg timestamp="20230531 14:54:33.630" level="INFO">[log]  TYPE "#DOWN."</msg>
<status status="PASS" starttime="20230531 14:54:33.523" endtime="20230531 14:54:33.630"/>
</kw>
<kw name="Press Special Key" library="SikuliLibrary">
<arg>TAB</arg>
<doc>Press special key
 Presses a special keyboard key.</doc>
<msg timestamp="20230531 14:54:33.743" level="INFO">[log]  TYPE "#TAB."</msg>
<status status="PASS" starttime="20230531 14:54:33.631" endtime="20230531 14:54:33.744"/>
</kw>
<kw name="Sleep" library="BuiltIn">
<arg>${SLEEP_BAIXO}</arg>
<doc>Pauses the test executed for the given time.</doc>
<msg timestamp="20230531 14:54:34.044" level="INFO">Slept 300 milliseconds</msg>
<status status="PASS" starttime="20230531 14:54:33.744" endtime="20230531 14:54:34.044"/>
</kw>
<kw name="Input Text" library="SikuliLibrary">
<arg>${EMPTY}</arg>
<arg>${COD_NUMSERIAL/PLACA}</arg>
<doc>Input text.
 Image could be empty</doc>
<msg timestamp="20230531 14:54:34.419" level="INFO">Input Text:
1234
[log]  TYPE "1234"</msg>
<status status="PASS" starttime="20230531 14:54:34.044" endtime="20230531 14:54:34.419"/>
</kw>
<kw name="Press Special Key" library="SikuliLibrary">
<arg>TAB</arg>
<doc>Press special key
 Presses a special keyboard key.</doc>
<msg timestamp="20230531 14:54:34.527" level="INFO">[log]  TYPE "#TAB."</msg>
<status status="PASS" starttime="20230531 14:54:34.420" endtime="20230531 14:54:34.528"/>
</kw>
<status status="PASS" starttime="20230531 14:54:31.803" endtime="20230531 14:54:34.528"/>
</kw>
<kw name="E informo um serviço" library="keyOrcamentos1">
<kw name="Press Combination" library="ImageHorizonLibrary">
<arg>KEY.ALT</arg>
<arg>KEY.S</arg>
<doc>Press given keyboard keys.</doc>
<status status="PASS" starttime="20230531 14:54:34.528" endtime="20230531 14:54:34.630"/>
</kw>
<kw name="Sleep" library="BuiltIn">
<arg>${SLEEP_BAIXO}</arg>
<doc>Pauses the test executed for the given time.</doc>
<msg timestamp="20230531 14:54:34.931" level="INFO">Slept 300 milliseconds</msg>
<status status="PASS" starttime="20230531 14:54:34.630" endtime="20230531 14:54:34.931"/>
</kw>
<kw name="Input Text" library="SikuliLibrary">
<arg>${EMPTY}</arg>
<arg>${COD_SERVIÇO_GERAL}</arg>
<doc>Input text.
 Image could be empty</doc>
<msg timestamp="20230531 14:54:35.045" level="INFO">Input Text:
1
[log]  TYPE "1"</msg>
<status status="PASS" starttime="20230531 14:54:34.931" endtime="20230531 14:54:35.046"/>
</kw>
<kw name="Press Special Key" library="SikuliLibrary">
<arg>TAB</arg>
<doc>Press special key
 Presses a special keyboard key.</doc>
<msg timestamp="20230531 14:54:35.157" level="INFO">[log]  TYPE "#TAB."</msg>
<status status="PASS" starttime="20230531 14:54:35.046" endtime="20230531 14:54:35.157"/>
</kw>
<kw name="Sleep" library="BuiltIn">
<arg>${SLEEP_BAIXO}</arg>
<doc>Pauses the test executed for the given time.</doc>
<msg timestamp="20230531 14:54:35.458" level="INFO">Slept 300 milliseconds</msg>
<status status="PASS" starttime="20230531 14:54:35.157" endtime="20230531 14:54:35.458"/>
</kw>
<kw name="Input Text" library="SikuliLibrary">
<arg>${EMPTY}</arg>
<arg>${TX_DETAL_SERVIÇO}</arg>
<doc>Input text.
 Image could be empty</doc>
<msg timestamp="20230531 14:54:36.729" level="INFO">Input Text:
ALTERNADOR
[log]  TYPE "ALTERNADOR"</msg>
<status status="PASS" starttime="20230531 14:54:35.458" endtime="20230531 14:54:36.730"/>
</kw>
<kw name="Press Combination" library="ImageHorizonLibrary">
<arg>KEY.ALT</arg>
<arg>KEY.C</arg>
<doc>Press given keyboard keys.</doc>
<status status="PASS" starttime="20230531 14:54:36.730" endtime="20230531 14:54:36.831"/>
</kw>
<kw name="Sleep" library="BuiltIn">
<arg>${SLEEP_BAIXO}</arg>
<doc>Pauses the test executed for the given time.</doc>
<msg timestamp="20230531 14:54:37.131" level="INFO">Slept 300 milliseconds</msg>
<status status="PASS" starttime="20230531 14:54:36.831" endtime="20230531 14:54:37.131"/>
</kw>
<kw name="Press Combination" library="ImageHorizonLibrary">
<arg>KEY.ALT</arg>
<arg>KEY.I</arg>
<doc>Press given keyboard keys.</doc>
<status status="PASS" starttime="20230531 14:54:37.131" endtime="20230531 14:54:37.233"/>
</kw>
<kw name="Sleep" library="BuiltIn">
<arg>${SLEEP_BAIXO}</arg>
<doc>Pauses the test executed for the given time.</doc>
<msg timestamp="20230531 14:54:37.534" level="INFO">Slept 300 milliseconds</msg>
<status status="PASS" starttime="20230531 14:54:37.233" endtime="20230531 14:54:37.534"/>
</kw>
<status status="PASS" starttime="20230531 14:54:34.528" endtime="20230531 14:54:37.534"/>
</kw>
<kw name="Quando insiro um produto(${COD_PRODUTO_NORMAL})" library="keyOrcamentos1" sourcename="Quando insiro um produto(${COD_PRODUTO})">
<kw name="Press Combination" library="ImageHorizonLibrary">
<arg>KEY.ALT</arg>
<arg>Key.P</arg>
<doc>Press given keyboard keys.</doc>
<status status="PASS" starttime="20230531 14:54:37.535" endtime="20230531 14:54:37.637"/>
</kw>
<kw name="Sleep" library="BuiltIn">
<arg>${SLEEP_BAIXO}</arg>
<doc>Pauses the test executed for the given time.</doc>
<msg timestamp="20230531 14:54:37.938" level="INFO">Slept 300 milliseconds</msg>
<status status="PASS" starttime="20230531 14:54:37.637" endtime="20230531 14:54:37.938"/>
</kw>
<kw name="Input Text" library="SikuliLibrary">
<arg>${EMPTY}</arg>
<arg>${COD_PRODUTO}</arg>
<doc>Input text.
 Image could be empty</doc>
<msg timestamp="20230531 14:54:38.043" level="INFO">Input Text:
3
[log]  TYPE "3"</msg>
<status status="PASS" starttime="20230531 14:54:37.938" endtime="20230531 14:54:38.044"/>
</kw>
<for flavor="IN RANGE">
<var>${I}</var>
<value>4</value>
<iter>
<var name="${I}">0</var>
<kw name="Press Special Key" library="SikuliLibrary">
<arg>TAB</arg>
<doc>Press special key
 Presses a special keyboard key.</doc>
<msg timestamp="20230531 14:54:38.139" level="INFO">[log]  TYPE "#TAB."</msg>
<status status="PASS" starttime="20230531 14:54:38.044" endtime="20230531 14:54:38.140"/>
</kw>
<status status="PASS" starttime="20230531 14:54:38.044" endtime="20230531 14:54:38.140"/>
</iter>
<iter>
<var name="${I}">1</var>
<kw name="Press Special Key" library="SikuliLibrary">
<arg>TAB</arg>
<doc>Press special key
 Presses a special keyboard key.</doc>
<msg timestamp="20230531 14:54:38.246" level="INFO">[log]  TYPE "#TAB."</msg>
<status status="PASS" starttime="20230531 14:54:38.140" endtime="20230531 14:54:38.246"/>
</kw>
<status status="PASS" starttime="20230531 14:54:38.140" endtime="20230531 14:54:38.247"/>
</iter>
<iter>
<var name="${I}">2</var>
<kw name="Press Special Key" library="SikuliLibrary">
<arg>TAB</arg>
<doc>Press special key
 Presses a special keyboard key.</doc>
<msg timestamp="20230531 14:54:38.355" level="INFO">[log]  TYPE "#TAB."</msg>
<status status="PASS" starttime="20230531 14:54:38.247" endtime="20230531 14:54:38.356"/>
</kw>
<status status="PASS" starttime="20230531 14:54:38.247" endtime="20230531 14:54:38.356"/>
</iter>
<iter>
<var name="${I}">3</var>
<kw name="Press Special Key" library="SikuliLibrary">
<arg>TAB</arg>
<doc>Press special key
 Presses a special keyboard key.</doc>
<msg timestamp="20230531 14:54:38.463" level="INFO">[log]  TYPE "#TAB."</msg>
<status status="PASS" starttime="20230531 14:54:38.356" endtime="20230531 14:54:38.463"/>
</kw>
<status status="PASS" starttime="20230531 14:54:38.356" endtime="20230531 14:54:38.464"/>
</iter>
<status status="PASS" starttime="20230531 14:54:38.044" endtime="20230531 14:54:38.464"/>
</for>
<kw name="Sleep" library="BuiltIn">
<arg>${SLEEP_BAIXO}</arg>
<doc>Pauses the test executed for the given time.</doc>
<msg timestamp="20230531 14:54:38.764" level="INFO">Slept 300 milliseconds</msg>
<status status="PASS" starttime="20230531 14:54:38.464" endtime="20230531 14:54:38.764"/>
</kw>
<kw name="Press Combination" library="ImageHorizonLibrary">
<arg>KEY.ALT</arg>
<arg>Key.I</arg>
<doc>Press given keyboard keys.</doc>
<status status="PASS" starttime="20230531 14:54:38.764" endtime="20230531 14:54:38.866"/>
</kw>
<kw name="Sleep" library="BuiltIn">
<arg>${SLEEP_BAIXO}</arg>
<doc>Pauses the test executed for the given time.</doc>
<msg timestamp="20230531 14:54:39.167" level="INFO">Slept 300 milliseconds</msg>
<status status="PASS" starttime="20230531 14:54:38.866" endtime="20230531 14:54:39.167"/>
</kw>
<kw name="Verifica Produto Incluiu Correto" library="verificaInclusaoProduto">
<var>${verificacao}</var>
<arg>Orcamentos</arg>
<arg>${COD_PRODUTO}</arg>
<arg>${COD_ORCAMENTO}</arg>
<msg timestamp="20230531 14:54:39.175" level="INFO">${verificacao} = True</msg>
<status status="PASS" starttime="20230531 14:54:39.167" endtime="20230531 14:54:39.175"/>
</kw>
<kw name="Should Be Equal" library="BuiltIn">
<arg>${verificacao}</arg>
<arg>${True}</arg>
<doc>Fails if the given objects are unequal.</doc>
<status status="PASS" starttime="20230531 14:54:39.175" endtime="20230531 14:54:39.176"/>
</kw>
<status status="PASS" starttime="20230531 14:54:37.535" endtime="20230531 14:54:39.176"/>
</kw>
<kw name="Então finalizo o orçamento como a vista" library="keyOrcamentos1">
<kw name="Press Combination" library="ImageHorizonLibrary">
<arg>KEY.ALT</arg>
<arg>Key.m</arg>
<doc>Press given keyboard keys.</doc>
<status status="PASS" starttime="20230531 14:54:39.176" endtime="20230531 14:54:39.278"/>
</kw>
<kw name="Sleep" library="BuiltIn">
<arg>${SLEEP_BAIXO}</arg>
<doc>Pauses the test executed for the given time.</doc>
<msg timestamp="20230531 14:54:39.578" level="INFO">Slept 300 milliseconds</msg>
<status status="PASS" starttime="20230531 14:54:39.278" endtime="20230531 14:54:39.578"/>
</kw>
<for flavor="IN RANGE">
<var>${I}</var>
<value>3</value>
<iter>
<var name="${I}">0</var>
<kw name="Press Special Key" library="SikuliLibrary">
<arg>TAB</arg>
<doc>Press special key
 Presses a special keyboard key.</doc>
<msg timestamp="20230531 14:54:39.683" level="INFO">[log]  TYPE "#TAB."</msg>
<status status="PASS" starttime="20230531 14:54:39.578" endtime="20230531 14:54:39.683"/>
</kw>
<status status="PASS" starttime="20230531 14:54:39.578" endtime="20230531 14:54:39.684"/>
</iter>
<iter>
<var name="${I}">1</var>
<kw name="Press Special Key" library="SikuliLibrary">
<arg>TAB</arg>
<doc>Press special key
 Presses a special keyboard key.</doc>
<msg timestamp="20230531 14:54:39.795" level="INFO">[log]  TYPE "#TAB."</msg>
<status status="PASS" starttime="20230531 14:54:39.684" endtime="20230531 14:54:39.795"/>
</kw>
<status status="PASS" starttime="20230531 14:54:39.684" endtime="20230531 14:54:39.795"/>
</iter>
<iter>
<var name="${I}">2</var>
<kw name="Press Special Key" library="SikuliLibrary">
<arg>TAB</arg>
<doc>Press special key
 Presses a special keyboard key.</doc>
<msg timestamp="20230531 14:54:39.904" level="INFO">[log]  TYPE "#TAB."</msg>
<status status="PASS" starttime="20230531 14:54:39.795" endtime="20230531 14:54:39.904"/>
</kw>
<status status="PASS" starttime="20230531 14:54:39.795" endtime="20230531 14:54:39.904"/>
</iter>
<status status="PASS" starttime="20230531 14:54:39.578" endtime="20230531 14:54:39.904"/>
</for>
<kw name="Press Special Key" library="SikuliLibrary">
<arg>DOWN</arg>
<doc>Press special key
 Presses a special keyboard key.</doc>
<msg timestamp="20230531 14:54:40.012" level="INFO">[log]  TYPE "#DOWN."</msg>
<status status="PASS" starttime="20230531 14:54:39.904" endtime="20230531 14:54:40.013"/>
</kw>
<kw name="Press Combination" library="ImageHorizonLibrary">
<arg>KEY.ALT</arg>
<arg>Key.G</arg>
<doc>Press given keyboard keys.</doc>
<status status="PASS" starttime="20230531 14:54:40.013" endtime="20230531 14:54:40.115"/>
</kw>
<kw name="Wait Until Screen Contain" library="SikuliLibrary">
<arg>${TELA_ORCAMENTO}</arg>
<arg>${TEMPO_TELA}</arg>
<doc>Wait until screen contain
 Wait until image shown in screen</doc>
<msg timestamp="20230531 14:54:40.408" level="INFO" html="true">&lt;img src='sikuli_captured/sikuliximage-1685555680403.png'/&gt;</msg>
<status status="PASS" starttime="20230531 14:54:40.115" endtime="20230531 14:54:40.408"/>
</kw>
<kw name="Valida valores finais do orçamento" library="keyOrcamentos1">
<kw name="Query" library="DatabaseLibrary">
<var>${VALOR_ENTRADA}</var>
<arg>SELECT o.ValorEntrada FROM orcamentos AS o WHERE Codigo = ${COD_ORCAMENTO}</arg>
<doc>Uses the input `selectStatement` to query for the values that will be returned as a list of tuples. Set optional
input `sansTran` to True to run command without an explicit transaction commit or rollback.
Set optional input `returnAsDict` to True to return values as a list of dictionaries.</doc>
<msg timestamp="20230531 14:54:40.409" level="INFO">Executing : Query  |  SELECT o.ValorEntrada FROM orcamentos AS o WHERE Codigo = 1297 </msg>
<msg timestamp="20230531 14:54:40.416" level="INFO">${VALOR_ENTRADA} = ((104.08,),)</msg>
<status status="PASS" starttime="20230531 14:54:40.409" endtime="20230531 14:54:40.416"/>
</kw>
<kw name="Sleep" library="BuiltIn">
<arg>${SLEEP_BAIXO}</arg>
<doc>Pauses the test executed for the given time.</doc>
<msg timestamp="20230531 14:54:40.716" level="INFO">Slept 300 milliseconds</msg>
<status status="PASS" starttime="20230531 14:54:40.416" endtime="20230531 14:54:40.716"/>
</kw>
<kw name="Query" library="DatabaseLibrary">
<var>${VALOR_FINALPAG}</var>
<arg>SELECT o.ValorFinalPagamentos FROM orcamentos AS o WHERE Codigo = ${COD_ORCAMENTO}</arg>
<doc>Uses the input `selectStatement` to query for the values that will be returned as a list of tuples. Set optional
input `sansTran` to True to run command without an explicit transaction commit or rollback.
Set optional input `returnAsDict` to True to return values as a list of dictionaries.</doc>
<msg timestamp="20230531 14:54:40.716" level="INFO">Executing : Query  |  SELECT o.ValorFinalPagamentos FROM orcamentos AS o WHERE Codigo = 1297 </msg>
<msg timestamp="20230531 14:54:40.718" level="INFO">${VALOR_FINALPAG} = ((104.08,),)</msg>
<status status="PASS" starttime="20230531 14:54:40.716" endtime="20230531 14:54:40.718"/>
</kw>
<kw name="Sleep" library="BuiltIn">
<arg>${SLEEP_BAIXO}</arg>
<doc>Pauses the test executed for the given time.</doc>
<msg timestamp="20230531 14:54:41.019" level="INFO">Slept 300 milliseconds</msg>
<status status="PASS" starttime="20230531 14:54:40.718" endtime="20230531 14:54:41.019"/>
</kw>
<kw name="Query" library="DatabaseLibrary">
<var>${TOTAL_PEDIDO}</var>
<arg>SELECT o.TotalPedido FROM orcamentos AS o WHERE Codigo = ${COD_ORCAMENTO}</arg>
<doc>Uses the input `selectStatement` to query for the values that will be returned as a list of tuples. Set optional
input `sansTran` to True to run command without an explicit transaction commit or rollback.
Set optional input `returnAsDict` to True to return values as a list of dictionaries.</doc>
<msg timestamp="20230531 14:54:41.019" level="INFO">Executing : Query  |  SELECT o.TotalPedido FROM orcamentos AS o WHERE Codigo = 1297 </msg>
<msg timestamp="20230531 14:54:41.022" level="INFO">${TOTAL_PEDIDO} = ((104.08,),)</msg>
<status status="PASS" starttime="20230531 14:54:41.019" endtime="20230531 14:54:41.022"/>
</kw>
<kw name="Sleep" library="BuiltIn">
<arg>${SLEEP_BAIXO}</arg>
<doc>Pauses the test executed for the given time.</doc>
<msg timestamp="20230531 14:54:41.323" level="INFO">Slept 300 milliseconds</msg>
<status status="PASS" starttime="20230531 14:54:41.022" endtime="20230531 14:54:41.323"/>
</kw>
<kw name="Query" library="DatabaseLibrary">
<var>${FORMA_PARCELAMENTO}</var>
<arg>SELECT o.FormaParcelamento FROM orcamentos AS o WHERE Codigo = ${COD_ORCAMENTO}</arg>
<doc>Uses the input `selectStatement` to query for the values that will be returned as a list of tuples. Set optional
input `sansTran` to True to run command without an explicit transaction commit or rollback.
Set optional input `returnAsDict` to True to return values as a list of dictionaries.</doc>
<msg timestamp="20230531 14:54:41.323" level="INFO">Executing : Query  |  SELECT o.FormaParcelamento FROM orcamentos AS o WHERE Codigo = 1297 </msg>
<msg timestamp="20230531 14:54:41.325" level="INFO">${FORMA_PARCELAMENTO} = (('001 - À VISTA',),)</msg>
<status status="PASS" starttime="20230531 14:54:41.323" endtime="20230531 14:54:41.325"/>
</kw>
<kw name="Convert To String" library="BuiltIn">
<var>${forma_avista}</var>
<arg>001 - À VISTA</arg>
<doc>Converts the given item to a Unicode string.</doc>
<msg timestamp="20230531 14:54:41.325" level="INFO">${forma_avista} = 001 - À VISTA</msg>
<status status="PASS" starttime="20230531 14:54:41.325" endtime="20230531 14:54:41.325"/>
</kw>
<kw name="Should Be Equal As Strings" library="BuiltIn">
<var>${verifica_forma}</var>
<arg>${FORMA_PARCELAMENTO[0][0]}</arg>
<arg>${forma_avista}</arg>
<doc>Fails if objects are unequal after converting them to strings.</doc>
<msg timestamp="20230531 14:54:41.326" level="INFO">${verifica_forma} = None</msg>
<status status="PASS" starttime="20230531 14:54:41.325" endtime="20230531 14:54:41.326"/>
</kw>
<if>
<branch type="IF" condition="${verifica_forma} == ${True}">
<kw name="Should Be Equal" library="BuiltIn">
<arg>${TOTAL_PEDIDO[0][0]}</arg>
<arg>${VALOR_ENTRADA[0][0]}</arg>
<doc>Fails if the given objects are unequal.</doc>
<status status="NOT RUN" starttime="20230531 14:54:41.327" endtime="20230531 14:54:41.327"/>
</kw>
<kw name="Sleep" library="BuiltIn">
<arg>${SLEEP_BAIXO}</arg>
<doc>Pauses the test executed for the given time.</doc>
<status status="NOT RUN" starttime="20230531 14:54:41.327" endtime="20230531 14:54:41.327"/>
</kw>
<status status="NOT RUN" starttime="20230531 14:54:41.326" endtime="20230531 14:54:41.327"/>
</branch>
<status status="PASS" starttime="20230531 14:54:41.326" endtime="20230531 14:54:41.327"/>
</if>
<kw name="Sleep" library="BuiltIn">
<arg>${SLEEP_BAIXO}</arg>
<doc>Pauses the test executed for the given time.</doc>
<msg timestamp="20230531 14:54:41.627" level="INFO">Slept 300 milliseconds</msg>
<status status="PASS" starttime="20230531 14:54:41.327" endtime="20230531 14:54:41.627"/>
</kw>
<kw name="Should Be Equal" library="BuiltIn">
<arg>${TOTAL_PEDIDO[0][0]}</arg>
<arg>${VALOR_FINALPAG[0][0]}</arg>
<doc>Fails if the given objects are unequal.</doc>
<status status="PASS" starttime="20230531 14:54:41.627" endtime="20230531 14:54:41.628"/>
</kw>
<status status="PASS" starttime="20230531 14:54:40.408" endtime="20230531 14:54:41.628"/>
</kw>
<status status="PASS" starttime="20230531 14:54:39.176" endtime="20230531 14:54:41.628"/>
</kw>
<tag>Teste02</tag>
<status status="PASS" starttime="20230531 14:54:24.244" endtime="20230531 14:54:41.629"/>
</test>
<test id="s1-t3" name="Teste 03 - Incluindo mais de um produto de maneira padrão - Á vista" line="32">
<kw name="Dado que acesso a tela de orçamentos" library="keyOrcamentos1">
<kw name="Type With Modifiers" library="SikuliLibrary">
<arg>O</arg>
<arg>CTRL</arg>
<doc>Type with modifiers</doc>
<msg timestamp="20230531 14:54:41.873" level="INFO">Input Text:
CTRL+O
[log] ( Ctrl )  TYPE "O"</msg>
<status status="PASS" starttime="20230531 14:54:41.631" endtime="20230531 14:54:41.873"/>
</kw>
<kw name="Wait Until Screen Contain" library="SikuliLibrary">
<arg>${TELA_ORCAMENTO}</arg>
<arg>${TEMPO_TELA}</arg>
<doc>Wait until screen contain
 Wait until image shown in screen</doc>
<msg timestamp="20230531 14:54:42.116" level="INFO" html="true">&lt;img src='sikuli_captured/sikuliximage-1685555682112.png'/&gt;</msg>
<status status="PASS" starttime="20230531 14:54:41.874" endtime="20230531 14:54:42.116"/>
</kw>
<kw name="Sleep" library="BuiltIn">
<arg>${SLEEP_BAIXO}</arg>
<doc>Pauses the test executed for the given time.</doc>
<msg timestamp="20230531 14:54:42.416" level="INFO">Slept 300 milliseconds</msg>
<status status="PASS" starttime="20230531 14:54:42.116" endtime="20230531 14:54:42.416"/>
</kw>
<status status="PASS" starttime="20230531 14:54:41.630" endtime="20230531 14:54:42.416"/>
</kw>
<kw name="Quando pressiono o atalho de adicionar" library="keyOrcamentos1">
<kw name="Press Combination" library="ImageHorizonLibrary">
<arg>KEY.ALT</arg>
<arg>Key.A</arg>
<doc>Press given keyboard keys.</doc>
<status status="PASS" starttime="20230531 14:54:42.419" endtime="20230531 14:54:42.526"/>
</kw>
<kw name="Wait Until Screen Contain" library="SikuliLibrary">
<arg>${TELA_ORC_ADICIONAR}</arg>
<arg>${TEMPO_TELA}</arg>
<doc>Wait until screen contain
 Wait until image shown in screen</doc>
<msg timestamp="20230531 14:54:42.818" level="INFO" html="true">&lt;img src='sikuli_captured/sikuliximage-1685555682813.png'/&gt;</msg>
<status status="PASS" starttime="20230531 14:54:42.526" endtime="20230531 14:54:42.818"/>
</kw>
<kw name="Sleep" library="BuiltIn">
<arg>${SLEEP_ALTO}</arg>
<doc>Pauses the test executed for the given time.</doc>
<msg timestamp="20230531 14:54:45.818" level="INFO">Slept 3 seconds</msg>
<status status="PASS" starttime="20230531 14:54:42.818" endtime="20230531 14:54:45.818"/>
</kw>
<kw name="Query" library="DatabaseLibrary">
<var>${Consulta}</var>
<arg>SELECT Codigo FROM orcamentos ORDER BY Codigo DESC LIMIT 1;</arg>
<doc>Uses the input `selectStatement` to query for the values that will be returned as a list of tuples. Set optional
input `sansTran` to True to run command without an explicit transaction commit or rollback.
Set optional input `returnAsDict` to True to return values as a list of dictionaries.</doc>
<msg timestamp="20230531 14:54:45.819" level="INFO">Executing : Query  |  SELECT Codigo FROM orcamentos ORDER BY Codigo DESC LIMIT 1; </msg>
<msg timestamp="20230531 14:54:45.822" level="INFO">${Consulta} = ((1298,),)</msg>
<status status="PASS" starttime="20230531 14:54:45.819" endtime="20230531 14:54:45.822"/>
</kw>
<kw name="Set Test Variable" library="BuiltIn">
<arg>${COD_ORCAMENTO}</arg>
<arg>${Consulta[0][0]}</arg>
<doc>Makes a variable available everywhere within the scope of the current test.</doc>
<msg timestamp="20230531 14:54:45.829" level="INFO">${COD_ORCAMENTO} = 1298</msg>
<status status="PASS" starttime="20230531 14:54:45.823" endtime="20230531 14:54:45.829"/>
</kw>
<status status="PASS" starttime="20230531 14:54:42.418" endtime="20230531 14:54:45.830"/>
</kw>
<kw name="E insiro Vendedor e Cliente" library="keyOrcamentos1">
<kw name="Input Text" library="SikuliLibrary">
<arg>${EMPTY}</arg>
<arg>${COD_VENDEDOR}</arg>
<doc>Input text.
 Image could be empty</doc>
<msg timestamp="20230531 14:54:46.044" level="INFO">Input Text:
13
[log]  TYPE "13"</msg>
<status status="PASS" starttime="20230531 14:54:45.833" endtime="20230531 14:54:46.044"/>
</kw>
<kw name="Sleep" library="BuiltIn">
<arg>${SLEEP_BAIXO}</arg>
<doc>Pauses the test executed for the given time.</doc>
<msg timestamp="20230531 14:54:46.346" level="INFO">Slept 300 milliseconds</msg>
<status status="PASS" starttime="20230531 14:54:46.044" endtime="20230531 14:54:46.346"/>
</kw>
<kw name="Press Special Key" library="SikuliLibrary">
<arg>TAB</arg>
<doc>Press special key
 Presses a special keyboard key.</doc>
<msg timestamp="20230531 14:54:46.458" level="INFO">[log]  TYPE "#TAB."</msg>
<status status="PASS" starttime="20230531 14:54:46.346" endtime="20230531 14:54:46.459"/>
</kw>
<kw name="Sleep" library="BuiltIn">
<arg>${SLEEP_BAIXO}</arg>
<doc>Pauses the test executed for the given time.</doc>
<msg timestamp="20230531 14:54:46.759" level="INFO">Slept 300 milliseconds</msg>
<status status="PASS" starttime="20230531 14:54:46.459" endtime="20230531 14:54:46.759"/>
</kw>
<kw name="Press Special Key" library="SikuliLibrary">
<arg>TAB</arg>
<doc>Press special key
 Presses a special keyboard key.</doc>
<msg timestamp="20230531 14:54:46.880" level="INFO">[log]  TYPE "#TAB."</msg>
<status status="PASS" starttime="20230531 14:54:46.759" endtime="20230531 14:54:46.880"/>
</kw>
<kw name="Sleep" library="BuiltIn">
<arg>${SLEEP_BAIXO}</arg>
<doc>Pauses the test executed for the given time.</doc>
<msg timestamp="20230531 14:54:47.182" level="INFO">Slept 300 milliseconds</msg>
<status status="PASS" starttime="20230531 14:54:46.880" endtime="20230531 14:54:47.182"/>
</kw>
<kw name="Input Text" library="SikuliLibrary">
<arg>${EMPTY}</arg>
<arg>${COD_CLIENTE}</arg>
<doc>Input text.
 Image could be empty</doc>
<msg timestamp="20230531 14:54:47.399" level="INFO">Input Text:
18
[log]  TYPE "18"</msg>
<status status="PASS" starttime="20230531 14:54:47.183" endtime="20230531 14:54:47.399"/>
</kw>
<kw name="Sleep" library="BuiltIn">
<arg>${SLEEP_BAIXO}</arg>
<doc>Pauses the test executed for the given time.</doc>
<msg timestamp="20230531 14:54:47.700" level="INFO">Slept 300 milliseconds</msg>
<status status="PASS" starttime="20230531 14:54:47.400" endtime="20230531 14:54:47.700"/>
</kw>
<kw name="Press Special Key" library="SikuliLibrary">
<arg>TAB</arg>
<doc>Press special key
 Presses a special keyboard key.</doc>
<msg timestamp="20230531 14:54:47.818" level="INFO">[log]  TYPE "#TAB."</msg>
<status status="PASS" starttime="20230531 14:54:47.700" endtime="20230531 14:54:47.818"/>
</kw>
<kw name="Sleep" library="BuiltIn">
<arg>${SLEEP_BAIXO}</arg>
<doc>Pauses the test executed for the given time.</doc>
<msg timestamp="20230531 14:54:48.119" level="INFO">Slept 300 milliseconds</msg>
<status status="PASS" starttime="20230531 14:54:47.819" endtime="20230531 14:54:48.119"/>
</kw>
<kw name="Verificar se objeto está visivel" library="keyOrcamentos1">
<kw name="Exists" library="SikuliLibrary">
<var>${TELA_ORC}</var>
<arg>${TELA_ORC_SEM_OBJETO}</arg>
<doc>Exists</doc>
<msg timestamp="20230531 14:54:48.441" level="INFO">${TELA_ORC} = True</msg>
<status status="PASS" starttime="20230531 14:54:48.119" endtime="20230531 14:54:48.441"/>
</kw>
<kw name="Sleep" library="BuiltIn">
<arg>${SLEEP_BAIXO}</arg>
<doc>Pauses the test executed for the given time.</doc>
<msg timestamp="20230531 14:54:48.741" level="INFO">Slept 300 milliseconds</msg>
<status status="PASS" starttime="20230531 14:54:48.441" endtime="20230531 14:54:48.741"/>
</kw>
<if>
<branch type="IF" condition="${TELA_ORC} == ${True}">
<kw name="Click" library="SikuliLibrary">
<arg>${BT_ABRIR_OBJETO}</arg>
<doc>Click</doc>
<msg timestamp="20230531 14:54:49.837" level="INFO" html="true">&lt;img src='sikuli_captured/sikuliximage-1685555689036.png'/&gt;
[log] CLICK on L[1349,469]@S(0) (567 msec)</msg>
<status status="PASS" starttime="20230531 14:54:48.743" endtime="20230531 14:54:49.837"/>
</kw>
<status status="PASS" starttime="20230531 14:54:48.741" endtime="20230531 14:54:49.837"/>
</branch>
<status status="PASS" starttime="20230531 14:54:48.741" endtime="20230531 14:54:49.837"/>
</if>
<status status="PASS" starttime="20230531 14:54:48.119" endtime="20230531 14:54:49.837"/>
</kw>
<status status="PASS" starttime="20230531 14:54:45.832" endtime="20230531 14:54:49.837"/>
</kw>
<kw name="Quando insiro mais de um produto normal" library="keyOrcamentos1">
<for flavor="IN RANGE">
<var>${I}</var>
<value>2</value>
<iter>
<var name="${I}">0</var>
<if>
<branch type="IF" condition="${I} == 0">
<kw name="Set Test Variable" library="BuiltIn">
<arg>${COD_PRODUTO}</arg>
<arg>${COD_PRODUTO_NORMAL}</arg>
<doc>Makes a variable available everywhere within the scope of the current test.</doc>
<msg timestamp="20230531 14:54:49.841" level="INFO">${COD_PRODUTO} = 3</msg>
<status status="PASS" starttime="20230531 14:54:49.839" endtime="20230531 14:54:49.841"/>
</kw>
<status status="PASS" starttime="20230531 14:54:49.839" endtime="20230531 14:54:49.841"/>
</branch>
<branch type="ELSE">
<kw name="Set Test Variable" library="BuiltIn">
<arg>${COD_PRODUTO}</arg>
<arg>${COD_PRODUTO_NORMAL2}</arg>
<doc>Makes a variable available everywhere within the scope of the current test.</doc>
<status status="NOT RUN" starttime="20230531 14:54:49.841" endtime="20230531 14:54:49.841"/>
</kw>
<status status="NOT RUN" starttime="20230531 14:54:49.841" endtime="20230531 14:54:49.841"/>
</branch>
<status status="PASS" starttime="20230531 14:54:49.839" endtime="20230531 14:54:49.841"/>
</if>
<kw name="Press Combination" library="ImageHorizonLibrary">
<arg>KEY.ALT</arg>
<arg>Key.P</arg>
<doc>Press given keyboard keys.</doc>
<status status="PASS" starttime="20230531 14:54:49.841" endtime="20230531 14:54:49.944"/>
</kw>
<kw name="Sleep" library="BuiltIn">
<arg>${SLEEP_BAIXO}</arg>
<doc>Pauses the test executed for the given time.</doc>
<msg timestamp="20230531 14:54:50.244" level="INFO">Slept 300 milliseconds</msg>
<status status="PASS" starttime="20230531 14:54:49.944" endtime="20230531 14:54:50.244"/>
</kw>
<kw name="Input Text" library="SikuliLibrary">
<arg>${EMPTY}</arg>
<arg>${COD_PRODUTO}</arg>
<doc>Input text.
 Image could be empty</doc>
<msg timestamp="20230531 14:54:50.369" level="INFO">Input Text:
3
[log]  TYPE "3"</msg>
<status status="PASS" starttime="20230531 14:54:50.245" endtime="20230531 14:54:50.369"/>
</kw>
<for flavor="IN RANGE">
<var>${J}</var>
<value>4</value>
<iter>
<var name="${J}">0</var>
<kw name="Press Special Key" library="SikuliLibrary">
<arg>TAB</arg>
<doc>Press special key
 Presses a special keyboard key.</doc>
<msg timestamp="20230531 14:54:50.511" level="INFO">[log]  TYPE "#TAB."</msg>
<status status="PASS" starttime="20230531 14:54:50.371" endtime="20230531 14:54:50.511"/>
</kw>
<status status="PASS" starttime="20230531 14:54:50.370" endtime="20230531 14:54:50.511"/>
</iter>
<iter>
<var name="${J}">1</var>
<kw name="Press Special Key" library="SikuliLibrary">
<arg>TAB</arg>
<doc>Press special key
 Presses a special keyboard key.</doc>
<msg timestamp="20230531 14:54:50.619" level="INFO">[log]  TYPE "#TAB."</msg>
<status status="PASS" starttime="20230531 14:54:50.512" endtime="20230531 14:54:50.619"/>
</kw>
<status status="PASS" starttime="20230531 14:54:50.511" endtime="20230531 14:54:50.620"/>
</iter>
<iter>
<var name="${J}">2</var>
<kw name="Press Special Key" library="SikuliLibrary">
<arg>TAB</arg>
<doc>Press special key
 Presses a special keyboard key.</doc>
<msg timestamp="20230531 14:54:50.727" level="INFO">[log]  TYPE "#TAB."</msg>
<status status="PASS" starttime="20230531 14:54:50.620" endtime="20230531 14:54:50.727"/>
</kw>
<status status="PASS" starttime="20230531 14:54:50.620" endtime="20230531 14:54:50.728"/>
</iter>
<iter>
<var name="${J}">3</var>
<kw name="Press Special Key" library="SikuliLibrary">
<arg>TAB</arg>
<doc>Press special key
 Presses a special keyboard key.</doc>
<msg timestamp="20230531 14:54:50.837" level="INFO">[log]  TYPE "#TAB."</msg>
<status status="PASS" starttime="20230531 14:54:50.728" endtime="20230531 14:54:50.837"/>
</kw>
<status status="PASS" starttime="20230531 14:54:50.728" endtime="20230531 14:54:50.838"/>
</iter>
<status status="PASS" starttime="20230531 14:54:50.370" endtime="20230531 14:54:50.838"/>
</for>
<kw name="Sleep" library="BuiltIn">
<arg>${SLEEP_BAIXO}</arg>
<doc>Pauses the test executed for the given time.</doc>
<msg timestamp="20230531 14:54:51.138" level="INFO">Slept 300 milliseconds</msg>
<status status="PASS" starttime="20230531 14:54:50.838" endtime="20230531 14:54:51.138"/>
</kw>
<kw name="Press Combination" library="ImageHorizonLibrary">
<arg>KEY.ALT</arg>
<arg>Key.I</arg>
<doc>Press given keyboard keys.</doc>
<status status="PASS" starttime="20230531 14:54:51.138" endtime="20230531 14:54:51.241"/>
</kw>
<kw name="Sleep" library="BuiltIn">
<arg>${SLEEP_BAIXO}</arg>
<doc>Pauses the test executed for the given time.</doc>
<msg timestamp="20230531 14:54:51.541" level="INFO">Slept 300 milliseconds</msg>
<status status="PASS" starttime="20230531 14:54:51.241" endtime="20230531 14:54:51.541"/>
</kw>
<kw name="Verifica Produto Incluiu Correto" library="verificaInclusaoProduto">
<var>${verificacao}</var>
<arg>Orcamentos</arg>
<arg>${COD_PRODUTO}</arg>
<arg>${COD_ORCAMENTO}</arg>
<msg timestamp="20230531 14:54:51.547" level="INFO">${verificacao} = True</msg>
<status status="PASS" starttime="20230531 14:54:51.541" endtime="20230531 14:54:51.547"/>
</kw>
<kw name="Should Be Equal" library="BuiltIn">
<arg>${verificacao}</arg>
<arg>${True}</arg>
<doc>Fails if the given objects are unequal.</doc>
<status status="PASS" starttime="20230531 14:54:51.547" endtime="20230531 14:54:51.547"/>
</kw>
<status status="PASS" starttime="20230531 14:54:49.839" endtime="20230531 14:54:51.547"/>
</iter>
<iter>
<var name="${I}">1</var>
<if>
<branch type="IF" condition="${I} == 0">
<kw name="Set Test Variable" library="BuiltIn">
<arg>${COD_PRODUTO}</arg>
<arg>${COD_PRODUTO_NORMAL}</arg>
<doc>Makes a variable available everywhere within the scope of the current test.</doc>
<status status="NOT RUN" starttime="20230531 14:54:51.547" endtime="20230531 14:54:51.547"/>
</kw>
<status status="NOT RUN" starttime="20230531 14:54:51.547" endtime="20230531 14:54:51.547"/>
</branch>
<branch type="ELSE">
<kw name="Set Test Variable" library="BuiltIn">
<arg>${COD_PRODUTO}</arg>
<arg>${COD_PRODUTO_NORMAL2}</arg>
<doc>Makes a variable available everywhere within the scope of the current test.</doc>
<msg timestamp="20230531 14:54:51.547" level="INFO">${COD_PRODUTO} = 7</msg>
<status status="PASS" starttime="20230531 14:54:51.547" endtime="20230531 14:54:51.547"/>
</kw>
<status status="PASS" starttime="20230531 14:54:51.547" endtime="20230531 14:54:51.547"/>
</branch>
<status status="PASS" starttime="20230531 14:54:51.547" endtime="20230531 14:54:51.547"/>
</if>
<kw name="Press Combination" library="ImageHorizonLibrary">
<arg>KEY.ALT</arg>
<arg>Key.P</arg>
<doc>Press given keyboard keys.</doc>
<status status="PASS" starttime="20230531 14:54:51.547" endtime="20230531 14:54:51.649"/>
</kw>
<kw name="Sleep" library="BuiltIn">
<arg>${SLEEP_BAIXO}</arg>
<doc>Pauses the test executed for the given time.</doc>
<msg timestamp="20230531 14:54:51.949" level="INFO">Slept 300 milliseconds</msg>
<status status="PASS" starttime="20230531 14:54:51.649" endtime="20230531 14:54:51.949"/>
</kw>
<kw name="Input Text" library="SikuliLibrary">
<arg>${EMPTY}</arg>
<arg>${COD_PRODUTO}</arg>
<doc>Input text.
 Image could be empty</doc>
<msg timestamp="20230531 14:54:52.062" level="INFO">Input Text:
7
[log]  TYPE "7"</msg>
<status status="PASS" starttime="20230531 14:54:51.949" endtime="20230531 14:54:52.063"/>
</kw>
<for flavor="IN RANGE">
<var>${J}</var>
<value>4</value>
<iter>
<var name="${J}">0</var>
<kw name="Press Special Key" library="SikuliLibrary">
<arg>TAB</arg>
<doc>Press special key
 Presses a special keyboard key.</doc>
<msg timestamp="20230531 14:54:52.173" level="INFO">[log]  TYPE "#TAB."</msg>
<status status="PASS" starttime="20230531 14:54:52.064" endtime="20230531 14:54:52.173"/>
</kw>
<status status="PASS" starttime="20230531 14:54:52.063" endtime="20230531 14:54:52.174"/>
</iter>
<iter>
<var name="${J}">1</var>
<kw name="Press Special Key" library="SikuliLibrary">
<arg>TAB</arg>
<doc>Press special key
 Presses a special keyboard key.</doc>
<msg timestamp="20230531 14:54:52.275" level="INFO">[log]  TYPE "#TAB."</msg>
<status status="PASS" starttime="20230531 14:54:52.174" endtime="20230531 14:54:52.275"/>
</kw>
<status status="PASS" starttime="20230531 14:54:52.174" endtime="20230531 14:54:52.275"/>
</iter>
<iter>
<var name="${J}">2</var>
<kw name="Press Special Key" library="SikuliLibrary">
<arg>TAB</arg>
<doc>Press special key
 Presses a special keyboard key.</doc>
<msg timestamp="20230531 14:54:52.385" level="INFO">[log]  TYPE "#TAB."</msg>
<status status="PASS" starttime="20230531 14:54:52.276" endtime="20230531 14:54:52.386"/>
</kw>
<status status="PASS" starttime="20230531 14:54:52.276" endtime="20230531 14:54:52.386"/>
</iter>
<iter>
<var name="${J}">3</var>
<kw name="Press Special Key" library="SikuliLibrary">
<arg>TAB</arg>
<doc>Press special key
 Presses a special keyboard key.</doc>
<msg timestamp="20230531 14:54:52.493" level="INFO">[log]  TYPE "#TAB."</msg>
<status status="PASS" starttime="20230531 14:54:52.386" endtime="20230531 14:54:52.493"/>
</kw>
<status status="PASS" starttime="20230531 14:54:52.386" endtime="20230531 14:54:52.493"/>
</iter>
<status status="PASS" starttime="20230531 14:54:52.063" endtime="20230531 14:54:52.494"/>
</for>
<kw name="Sleep" library="BuiltIn">
<arg>${SLEEP_BAIXO}</arg>
<doc>Pauses the test executed for the given time.</doc>
<msg timestamp="20230531 14:54:52.794" level="INFO">Slept 300 milliseconds</msg>
<status status="PASS" starttime="20230531 14:54:52.494" endtime="20230531 14:54:52.794"/>
</kw>
<kw name="Press Combination" library="ImageHorizonLibrary">
<arg>KEY.ALT</arg>
<arg>Key.I</arg>
<doc>Press given keyboard keys.</doc>
<status status="PASS" starttime="20230531 14:54:52.794" endtime="20230531 14:54:52.896"/>
</kw>
<kw name="Sleep" library="BuiltIn">
<arg>${SLEEP_BAIXO}</arg>
<doc>Pauses the test executed for the given time.</doc>
<msg timestamp="20230531 14:54:53.197" level="INFO">Slept 300 milliseconds</msg>
<status status="PASS" starttime="20230531 14:54:52.896" endtime="20230531 14:54:53.197"/>
</kw>
<kw name="Verifica Produto Incluiu Correto" library="verificaInclusaoProduto">
<var>${verificacao}</var>
<arg>Orcamentos</arg>
<arg>${COD_PRODUTO}</arg>
<arg>${COD_ORCAMENTO}</arg>
<msg timestamp="20230531 14:54:53.202" level="INFO">${verificacao} = True</msg>
<status status="PASS" starttime="20230531 14:54:53.197" endtime="20230531 14:54:53.202"/>
</kw>
<kw name="Should Be Equal" library="BuiltIn">
<arg>${verificacao}</arg>
<arg>${True}</arg>
<doc>Fails if the given objects are unequal.</doc>
<status status="PASS" starttime="20230531 14:54:53.202" endtime="20230531 14:54:53.202"/>
</kw>
<status status="PASS" starttime="20230531 14:54:51.547" endtime="20230531 14:54:53.202"/>
</iter>
<status status="PASS" starttime="20230531 14:54:49.838" endtime="20230531 14:54:53.202"/>
</for>
<status status="PASS" starttime="20230531 14:54:49.838" endtime="20230531 14:54:53.202"/>
</kw>
<kw name="Então finalizo o orçamento como a vista" library="keyOrcamentos1">
<kw name="Press Combination" library="ImageHorizonLibrary">
<arg>KEY.ALT</arg>
<arg>Key.m</arg>
<doc>Press given keyboard keys.</doc>
<status status="PASS" starttime="20230531 14:54:53.203" endtime="20230531 14:54:53.305"/>
</kw>
<kw name="Sleep" library="BuiltIn">
<arg>${SLEEP_BAIXO}</arg>
<doc>Pauses the test executed for the given time.</doc>
<msg timestamp="20230531 14:54:53.606" level="INFO">Slept 300 milliseconds</msg>
<status status="PASS" starttime="20230531 14:54:53.305" endtime="20230531 14:54:53.606"/>
</kw>
<for flavor="IN RANGE">
<var>${I}</var>
<value>3</value>
<iter>
<var name="${I}">0</var>
<kw name="Press Special Key" library="SikuliLibrary">
<arg>TAB</arg>
<doc>Press special key
 Presses a special keyboard key.</doc>
<msg timestamp="20230531 14:54:53.739" level="INFO">[log]  TYPE "#TAB."</msg>
<status status="PASS" starttime="20230531 14:54:53.607" endtime="20230531 14:54:53.739"/>
</kw>
<status status="PASS" starttime="20230531 14:54:53.607" endtime="20230531 14:54:53.739"/>
</iter>
<iter>
<var name="${I}">1</var>
<kw name="Press Special Key" library="SikuliLibrary">
<arg>TAB</arg>
<doc>Press special key
 Presses a special keyboard key.</doc>
<msg timestamp="20230531 14:54:53.850" level="INFO">[log]  TYPE "#TAB."</msg>
<status status="PASS" starttime="20230531 14:54:53.739" endtime="20230531 14:54:53.850"/>
</kw>
<status status="PASS" starttime="20230531 14:54:53.739" endtime="20230531 14:54:53.850"/>
</iter>
<iter>
<var name="${I}">2</var>
<kw name="Press Special Key" library="SikuliLibrary">
<arg>TAB</arg>
<doc>Press special key
 Presses a special keyboard key.</doc>
<msg timestamp="20230531 14:54:53.975" level="INFO">[log]  TYPE "#TAB."</msg>
<status status="PASS" starttime="20230531 14:54:53.851" endtime="20230531 14:54:53.975"/>
</kw>
<status status="PASS" starttime="20230531 14:54:53.850" endtime="20230531 14:54:53.976"/>
</iter>
<status status="PASS" starttime="20230531 14:54:53.606" endtime="20230531 14:54:53.976"/>
</for>
<kw name="Press Special Key" library="SikuliLibrary">
<arg>DOWN</arg>
<doc>Press special key
 Presses a special keyboard key.</doc>
<msg timestamp="20230531 14:54:54.085" level="INFO">[log]  TYPE "#DOWN."</msg>
<status status="PASS" starttime="20230531 14:54:53.976" endtime="20230531 14:54:54.085"/>
</kw>
<kw name="Press Combination" library="ImageHorizonLibrary">
<arg>KEY.ALT</arg>
<arg>Key.G</arg>
<doc>Press given keyboard keys.</doc>
<status status="PASS" starttime="20230531 14:54:54.086" endtime="20230531 14:54:54.187"/>
</kw>
<kw name="Wait Until Screen Contain" library="SikuliLibrary">
<arg>${TELA_ORCAMENTO}</arg>
<arg>${TEMPO_TELA}</arg>
<doc>Wait until screen contain
 Wait until image shown in screen</doc>
<msg timestamp="20230531 14:54:54.452" level="INFO" html="true">&lt;img src='sikuli_captured/sikuliximage-1685555694448.png'/&gt;</msg>
<status status="PASS" starttime="20230531 14:54:54.187" endtime="20230531 14:54:54.452"/>
</kw>
<kw name="Valida valores finais do orçamento" library="keyOrcamentos1">
<kw name="Query" library="DatabaseLibrary">
<var>${VALOR_ENTRADA}</var>
<arg>SELECT o.ValorEntrada FROM orcamentos AS o WHERE Codigo = ${COD_ORCAMENTO}</arg>
<doc>Uses the input `selectStatement` to query for the values that will be returned as a list of tuples. Set optional
input `sansTran` to True to run command without an explicit transaction commit or rollback.
Set optional input `returnAsDict` to True to return values as a list of dictionaries.</doc>
<msg timestamp="20230531 14:54:54.452" level="INFO">Executing : Query  |  SELECT o.ValorEntrada FROM orcamentos AS o WHERE Codigo = 1298 </msg>
<msg timestamp="20230531 14:54:54.454" level="INFO">${VALOR_ENTRADA} = ((104.08,),)</msg>
<status status="PASS" starttime="20230531 14:54:54.452" endtime="20230531 14:54:54.454"/>
</kw>
<kw name="Sleep" library="BuiltIn">
<arg>${SLEEP_BAIXO}</arg>
<doc>Pauses the test executed for the given time.</doc>
<msg timestamp="20230531 14:54:54.755" level="INFO">Slept 300 milliseconds</msg>
<status status="PASS" starttime="20230531 14:54:54.454" endtime="20230531 14:54:54.755"/>
</kw>
<kw name="Query" library="DatabaseLibrary">
<var>${VALOR_FINALPAG}</var>
<arg>SELECT o.ValorFinalPagamentos FROM orcamentos AS o WHERE Codigo = ${COD_ORCAMENTO}</arg>
<doc>Uses the input `selectStatement` to query for the values that will be returned as a list of tuples. Set optional
input `sansTran` to True to run command without an explicit transaction commit or rollback.
Set optional input `returnAsDict` to True to return values as a list of dictionaries.</doc>
<msg timestamp="20230531 14:54:54.755" level="INFO">Executing : Query  |  SELECT o.ValorFinalPagamentos FROM orcamentos AS o WHERE Codigo = 1298 </msg>
<msg timestamp="20230531 14:54:54.756" level="INFO">${VALOR_FINALPAG} = ((104.08,),)</msg>
<status status="PASS" starttime="20230531 14:54:54.755" endtime="20230531 14:54:54.756"/>
</kw>
<kw name="Sleep" library="BuiltIn">
<arg>${SLEEP_BAIXO}</arg>
<doc>Pauses the test executed for the given time.</doc>
<msg timestamp="20230531 14:54:55.057" level="INFO">Slept 300 milliseconds</msg>
<status status="PASS" starttime="20230531 14:54:54.756" endtime="20230531 14:54:55.057"/>
</kw>
<kw name="Query" library="DatabaseLibrary">
<var>${TOTAL_PEDIDO}</var>
<arg>SELECT o.TotalPedido FROM orcamentos AS o WHERE Codigo = ${COD_ORCAMENTO}</arg>
<doc>Uses the input `selectStatement` to query for the values that will be returned as a list of tuples. Set optional
input `sansTran` to True to run command without an explicit transaction commit or rollback.
Set optional input `returnAsDict` to True to return values as a list of dictionaries.</doc>
<msg timestamp="20230531 14:54:55.057" level="INFO">Executing : Query  |  SELECT o.TotalPedido FROM orcamentos AS o WHERE Codigo = 1298 </msg>
<msg timestamp="20230531 14:54:55.059" level="INFO">${TOTAL_PEDIDO} = ((104.08,),)</msg>
<status status="PASS" starttime="20230531 14:54:55.057" endtime="20230531 14:54:55.059"/>
</kw>
<kw name="Sleep" library="BuiltIn">
<arg>${SLEEP_BAIXO}</arg>
<doc>Pauses the test executed for the given time.</doc>
<msg timestamp="20230531 14:54:55.359" level="INFO">Slept 300 milliseconds</msg>
<status status="PASS" starttime="20230531 14:54:55.059" endtime="20230531 14:54:55.359"/>
</kw>
<kw name="Query" library="DatabaseLibrary">
<var>${FORMA_PARCELAMENTO}</var>
<arg>SELECT o.FormaParcelamento FROM orcamentos AS o WHERE Codigo = ${COD_ORCAMENTO}</arg>
<doc>Uses the input `selectStatement` to query for the values that will be returned as a list of tuples. Set optional
input `sansTran` to True to run command without an explicit transaction commit or rollback.
Set optional input `returnAsDict` to True to return values as a list of dictionaries.</doc>
<msg timestamp="20230531 14:54:55.360" level="INFO">Executing : Query  |  SELECT o.FormaParcelamento FROM orcamentos AS o WHERE Codigo = 1298 </msg>
<msg timestamp="20230531 14:54:55.362" level="INFO">${FORMA_PARCELAMENTO} = (('001 - À VISTA',),)</msg>
<status status="PASS" starttime="20230531 14:54:55.359" endtime="20230531 14:54:55.362"/>
</kw>
<kw name="Convert To String" library="BuiltIn">
<var>${forma_avista}</var>
<arg>001 - À VISTA</arg>
<doc>Converts the given item to a Unicode string.</doc>
<msg timestamp="20230531 14:54:55.363" level="INFO">${forma_avista} = 001 - À VISTA</msg>
<status status="PASS" starttime="20230531 14:54:55.362" endtime="20230531 14:54:55.363"/>
</kw>
<kw name="Should Be Equal As Strings" library="BuiltIn">
<var>${verifica_forma}</var>
<arg>${FORMA_PARCELAMENTO[0][0]}</arg>
<arg>${forma_avista}</arg>
<doc>Fails if objects are unequal after converting them to strings.</doc>
<msg timestamp="20230531 14:54:55.365" level="INFO">${verifica_forma} = None</msg>
<status status="PASS" starttime="20230531 14:54:55.363" endtime="20230531 14:54:55.366"/>
</kw>
<if>
<branch type="IF" condition="${verifica_forma} == ${True}">
<kw name="Should Be Equal" library="BuiltIn">
<arg>${TOTAL_PEDIDO[0][0]}</arg>
<arg>${VALOR_ENTRADA[0][0]}</arg>
<doc>Fails if the given objects are unequal.</doc>
<status status="NOT RUN" starttime="20230531 14:54:55.366" endtime="20230531 14:54:55.366"/>
</kw>
<kw name="Sleep" library="BuiltIn">
<arg>${SLEEP_BAIXO}</arg>
<doc>Pauses the test executed for the given time.</doc>
<status status="NOT RUN" starttime="20230531 14:54:55.367" endtime="20230531 14:54:55.367"/>
</kw>
<status status="NOT RUN" starttime="20230531 14:54:55.366" endtime="20230531 14:54:55.367"/>
</branch>
<status status="PASS" starttime="20230531 14:54:55.366" endtime="20230531 14:54:55.367"/>
</if>
<kw name="Sleep" library="BuiltIn">
<arg>${SLEEP_BAIXO}</arg>
<doc>Pauses the test executed for the given time.</doc>
<msg timestamp="20230531 14:54:55.669" level="INFO">Slept 300 milliseconds</msg>
<status status="PASS" starttime="20230531 14:54:55.367" endtime="20230531 14:54:55.669"/>
</kw>
<kw name="Should Be Equal" library="BuiltIn">
<arg>${TOTAL_PEDIDO[0][0]}</arg>
<arg>${VALOR_FINALPAG[0][0]}</arg>
<doc>Fails if the given objects are unequal.</doc>
[...]
<kw name="Dado que acesso a tela de orçamentos" library="keyOrcamentos1">
<kw name="Type With Modifiers" library="SikuliLibrary">
<arg>O</arg>
<arg>CTRL</arg>
<doc>Type with modifiers</doc>
<msg timestamp="20230531 14:57:58.124" level="INFO">Input Text:
CTRL+O
[log] ( Ctrl )  TYPE "O"</msg>
<status status="PASS" starttime="20230531 14:57:57.888" endtime="20230531 14:57:58.125"/>
</kw>
<kw name="Wait Until Screen Contain" library="SikuliLibrary">
<arg>${TELA_ORCAMENTO}</arg>
<arg>${TEMPO_TELA}</arg>
<doc>Wait until screen contain
 Wait until image shown in screen</doc>
<msg timestamp="20230531 14:57:58.442" level="INFO" html="true">&lt;img src='sikuli_captured/sikuliximage-1685555878438.png'/&gt;</msg>
<status status="PASS" starttime="20230531 14:57:58.125" endtime="20230531 14:57:58.442"/>
</kw>
<kw name="Sleep" library="BuiltIn">
<arg>${SLEEP_BAIXO}</arg>
<doc>Pauses the test executed for the given time.</doc>
<msg timestamp="20230531 14:57:58.744" level="INFO">Slept 300 milliseconds</msg>
<status status="PASS" starttime="20230531 14:57:58.443" endtime="20230531 14:57:58.744"/>
</kw>
<status status="PASS" starttime="20230531 14:57:57.887" endtime="20230531 14:57:58.744"/>
</kw>
<kw name="Quando pressiono o atalho para editar" library="keyOrcamentos1">
<kw name="Press Combination" library="ImageHorizonLibrary">
<arg>KEY.ALT</arg>
<arg>Key.E</arg>
<doc>Press given keyboard keys.</doc>
<status status="PASS" starttime="20230531 14:57:58.747" endtime="20230531 14:57:58.851"/>
</kw>
<kw name="Wait Until Screen Contain" library="SikuliLibrary">
<arg>${TELA_ORC_ADICIONAR}</arg>
<arg>${TEMPO_TELA}</arg>
<doc>Wait until screen contain
 Wait until image shown in screen</doc>
<msg timestamp="20230531 14:57:59.133" level="INFO" html="true">&lt;img src='sikuli_captured/sikuliximage-1685555879128.png'/&gt;</msg>
<status status="PASS" starttime="20230531 14:57:58.851" endtime="20230531 14:57:59.133"/>
</kw>
<kw name="Sleep" library="BuiltIn">
<arg>${SLEEP_ALTO}</arg>
<doc>Pauses the test executed for the given time.</doc>
<msg timestamp="20230531 14:58:02.133" level="INFO">Slept 3 seconds</msg>
<status status="PASS" starttime="20230531 14:57:59.133" endtime="20230531 14:58:02.133"/>
</kw>
<kw name="Query" library="DatabaseLibrary">
<var>${Consulta}</var>
<arg>SELECT Codigo FROM orcamentos ORDER BY Codigo DESC LIMIT 1;</arg>
<doc>Uses the input `selectStatement` to query for the values that will be returned as a list of tuples. Set optional
input `sansTran` to True to run command without an explicit transaction commit or rollback.
Set optional input `returnAsDict` to True to return values as a list of dictionaries.</doc>
<msg timestamp="20230531 14:58:02.134" level="INFO">Executing : Query  |  SELECT Codigo FROM orcamentos ORDER BY Codigo DESC LIMIT 1; </msg>
<msg timestamp="20230531 14:58:02.137" level="INFO">${Consulta} = ((1309,),)</msg>
<status status="PASS" starttime="20230531 14:58:02.134" endtime="20230531 14:58:02.137"/>
</kw>
<kw name="Set Test Variable" library="BuiltIn">
<arg>${COD_ORCAMENTO}</arg>
<arg>${Consulta[0][0]}</arg>
<doc>Makes a variable available everywhere within the scope of the current test.</doc>
<msg timestamp="20230531 14:58:02.144" level="INFO">${COD_ORCAMENTO} = 1309</msg>
<status status="PASS" starttime="20230531 14:58:02.138" endtime="20230531 14:58:02.145"/>
</kw>
<kw name="Verificar se objeto está visivel" library="keyOrcamentos1">
<kw name="Exists" library="SikuliLibrary">
<var>${TELA_ORC}</var>
<arg>${TELA_ORC_SEM_OBJETO}</arg>
<doc>Exists</doc>
<msg timestamp="20230531 14:58:02.470" level="INFO">${TELA_ORC} = True</msg>
<status status="PASS" starttime="20230531 14:58:02.146" endtime="20230531 14:58:02.470"/>
</kw>
<kw name="Sleep" library="BuiltIn">
<arg>${SLEEP_BAIXO}</arg>
<doc>Pauses the test executed for the given time.</doc>
<msg timestamp="20230531 14:58:02.771" level="INFO">Slept 300 milliseconds</msg>
<status status="PASS" starttime="20230531 14:58:02.470" endtime="20230531 14:58:02.771"/>
</kw>
<if>
<branch type="IF" condition="${TELA_ORC} == ${True}">
<kw name="Click" library="SikuliLibrary">
<arg>${BT_ABRIR_OBJETO}</arg>
<doc>Click</doc>
<msg timestamp="20230531 14:58:03.954" level="INFO" html="true">&lt;img src='sikuli_captured/sikuliximage-1685555883088.png'/&gt;
[log] CLICK on L[1349,469]@S(0) (584 msec)</msg>
<status status="PASS" starttime="20230531 14:58:02.772" endtime="20230531 14:58:03.954"/>
</kw>
<status status="PASS" starttime="20230531 14:58:02.771" endtime="20230531 14:58:03.954"/>
</branch>
<status status="PASS" starttime="20230531 14:58:02.771" endtime="20230531 14:58:03.954"/>
</if>
<status status="PASS" starttime="20230531 14:58:02.145" endtime="20230531 14:58:03.954"/>
</kw>
<status status="PASS" starttime="20230531 14:57:58.746" endtime="20230531 14:58:03.954"/>
</kw>
<kw name="E removo o último produto inserido" library="keyOrcamentos1">
<kw name="Press Combination" library="ImageHorizonLibrary">
<arg>KEY.ALT</arg>
<arg>Key.P</arg>
<doc>Press given keyboard keys.</doc>
<status status="PASS" starttime="20230531 14:58:03.955" endtime="20230531 14:58:04.057"/>
</kw>
<kw name="Sleep" library="BuiltIn">
<arg>${SLEEP_BAIXO}</arg>
<doc>Pauses the test executed for the given time.</doc>
<msg timestamp="20230531 14:58:04.358" level="INFO">Slept 300 milliseconds</msg>
<status status="PASS" starttime="20230531 14:58:04.057" endtime="20230531 14:58:04.358"/>
</kw>
<kw name="Press Combination" library="ImageHorizonLibrary">
<arg>KEY.ALT</arg>
<arg>Key.R</arg>
<doc>Press given keyboard keys.</doc>
<status status="PASS" starttime="20230531 14:58:04.358" endtime="20230531 14:58:04.459"/>
</kw>
<kw name="Wait Until Screen Contain" library="SikuliLibrary">
<arg>${TELA_EXCLUIR_PRODUTO}</arg>
<arg>${TEMPO_TELA}</arg>
<doc>Wait until screen contain
 Wait until image shown in screen</doc>
<msg timestamp="20230531 14:58:05.106" level="INFO" html="true">&lt;img src='sikuli_captured/sikuliximage-1685555885100.png'/&gt;</msg>
<status status="PASS" starttime="20230531 14:58:04.459" endtime="20230531 14:58:05.106"/>
</kw>
<kw name="Sleep" library="BuiltIn">
<arg>${SLEEP_BAIXO}</arg>
<doc>Pauses the test executed for the given time.</doc>
<msg timestamp="20230531 14:58:05.406" level="INFO">Slept 300 milliseconds</msg>
<status status="PASS" starttime="20230531 14:58:05.106" endtime="20230531 14:58:05.406"/>
</kw>
<kw name="Press Combination" library="ImageHorizonLibrary">
<arg>KEY.ALT</arg>
<arg>Key.S</arg>
<doc>Press given keyboard keys.</doc>
<status status="PASS" starttime="20230531 14:58:05.406" endtime="20230531 14:58:05.509"/>
</kw>
<status status="PASS" starttime="20230531 14:58:03.955" endtime="20230531 14:58:05.509"/>
</kw>
<kw name="Quando insiro um produto(${COD_PRODUTO_NORMAL})" library="keyOrcamentos1" sourcename="Quando insiro um produto(${COD_PRODUTO})">
<kw name="Press Combination" library="ImageHorizonLibrary">
<arg>KEY.ALT</arg>
<arg>Key.P</arg>
<doc>Press given keyboard keys.</doc>
<status status="PASS" starttime="20230531 14:58:05.510" endtime="20230531 14:58:05.611"/>
</kw>
<kw name="Sleep" library="BuiltIn">
<arg>${SLEEP_BAIXO}</arg>
<doc>Pauses the test executed for the given time.</doc>
<msg timestamp="20230531 14:58:05.911" level="INFO">Slept 300 milliseconds</msg>
<status status="PASS" starttime="20230531 14:58:05.611" endtime="20230531 14:58:05.911"/>
</kw>
<kw name="Input Text" library="SikuliLibrary">
<arg>${EMPTY}</arg>
<arg>${COD_PRODUTO}</arg>
<doc>Input text.
 Image could be empty</doc>
<msg timestamp="20230531 14:58:06.030" level="INFO">Input Text:
3
[log]  TYPE "3"</msg>
<status status="PASS" starttime="20230531 14:58:05.912" endtime="20230531 14:58:06.030"/>
</kw>
<for flavor="IN RANGE">
<var>${I}</var>
<value>4</value>
<iter>
<var name="${I}">0</var>
<kw name="Press Special Key" library="SikuliLibrary">
<arg>TAB</arg>
<doc>Press special key
 Presses a special keyboard key.</doc>
<msg timestamp="20230531 14:58:06.141" level="INFO">[log]  TYPE "#TAB."</msg>
<status status="PASS" starttime="20230531 14:58:06.031" endtime="20230531 14:58:06.142"/>
</kw>
<status status="PASS" starttime="20230531 14:58:06.031" endtime="20230531 14:58:06.142"/>
</iter>
<iter>
<var name="${I}">1</var>
<kw name="Press Special Key" library="SikuliLibrary">
<arg>TAB</arg>
<doc>Press special key
 Presses a special keyboard key.</doc>
<msg timestamp="20230531 14:58:06.247" level="INFO">[log]  TYPE "#TAB."</msg>
<status status="PASS" starttime="20230531 14:58:06.142" endtime="20230531 14:58:06.247"/>
</kw>
<status status="PASS" starttime="20230531 14:58:06.142" endtime="20230531 14:58:06.247"/>
</iter>
<iter>
<var name="${I}">2</var>
<kw name="Press Special Key" library="SikuliLibrary">
<arg>TAB</arg>
<doc>Press special key
 Presses a special keyboard key.</doc>
<msg timestamp="20230531 14:58:06.357" level="INFO">[log]  TYPE "#TAB."</msg>
<status status="PASS" starttime="20230531 14:58:06.248" endtime="20230531 14:58:06.358"/>
</kw>
<status status="PASS" starttime="20230531 14:58:06.248" endtime="20230531 14:58:06.358"/>
</iter>
<iter>
<var name="${I}">3</var>
<kw name="Press Special Key" library="SikuliLibrary">
<arg>TAB</arg>
<doc>Press special key
 Presses a special keyboard key.</doc>
<msg timestamp="20230531 14:58:06.465" level="INFO">[log]  TYPE "#TAB."</msg>
<status status="PASS" starttime="20230531 14:58:06.358" endtime="20230531 14:58:06.465"/>
</kw>
<status status="PASS" starttime="20230531 14:58:06.358" endtime="20230531 14:58:06.466"/>
</iter>
<status status="PASS" starttime="20230531 14:58:06.030" endtime="20230531 14:58:06.466"/>
</for>
<kw name="Sleep" library="BuiltIn">
<arg>${SLEEP_BAIXO}</arg>
<doc>Pauses the test executed for the given time.</doc>
<msg timestamp="20230531 14:58:06.767" level="INFO">Slept 300 milliseconds</msg>
<status status="PASS" starttime="20230531 14:58:06.466" endtime="20230531 14:58:06.767"/>
</kw>
<kw name="Press Combination" library="ImageHorizonLibrary">
<arg>KEY.ALT</arg>
<arg>Key.I</arg>
<doc>Press given keyboard keys.</doc>
<status status="PASS" starttime="20230531 14:58:06.767" endtime="20230531 14:58:06.870"/>
</kw>
<kw name="Sleep" library="BuiltIn">
<arg>${SLEEP_BAIXO}</arg>
<doc>Pauses the test executed for the given time.</doc>
<msg timestamp="20230531 14:58:07.170" level="INFO">Slept 300 milliseconds</msg>
<status status="PASS" starttime="20230531 14:58:06.870" endtime="20230531 14:58:07.170"/>
</kw>
<kw name="Verifica Produto Incluiu Correto" library="verificaInclusaoProduto">
<var>${verificacao}</var>
<arg>Orcamentos</arg>
<arg>${COD_PRODUTO}</arg>
<arg>${COD_ORCAMENTO}</arg>
<msg timestamp="20230531 14:58:07.181" level="INFO">${verificacao} = True</msg>
<status status="PASS" starttime="20230531 14:58:07.170" endtime="20230531 14:58:07.181"/>
</kw>
<kw name="Should Be Equal" library="BuiltIn">
<arg>${verificacao}</arg>
<arg>${True}</arg>
<doc>Fails if the given objects are unequal.</doc>
<status status="PASS" starttime="20230531 14:58:07.182" endtime="20230531 14:58:07.182"/>
</kw>
<status status="PASS" starttime="20230531 14:58:05.509" endtime="20230531 14:58:07.182"/>
</kw>
<kw name="Então gravo o orçamento - 30 Dias" library="keyOrcamentos1">
<kw name="Press Combination" library="ImageHorizonLibrary">
<arg>KEY.ALT</arg>
<arg>Key.m</arg>
<doc>Press given keyboard keys.</doc>
<status status="PASS" starttime="20230531 14:58:07.184" endtime="20230531 14:58:07.287"/>
</kw>
<kw name="Sleep" library="BuiltIn">
<arg>${SLEEP_BAIXO}</arg>
<doc>Pauses the test executed for the given time.</doc>
<msg timestamp="20230531 14:58:07.587" level="INFO">Slept 300 milliseconds</msg>
<status status="PASS" starttime="20230531 14:58:07.287" endtime="20230531 14:58:07.587"/>
</kw>
<kw name="Press Combination" library="ImageHorizonLibrary">
<arg>KEY.ALT</arg>
<arg>Key.G</arg>
<doc>Press given keyboard keys.</doc>
<status status="PASS" starttime="20230531 14:58:07.587" endtime="20230531 14:58:07.688"/>
</kw>
<kw name="Wait Until Screen Contain" library="SikuliLibrary">
<arg>${TELA_ORCAMENTO}</arg>
<arg>${TEMPO_TELA}</arg>
<doc>Wait until screen contain
 Wait until image shown in screen</doc>
<msg timestamp="20230531 14:58:07.940" level="INFO" html="true">&lt;img src='sikuli_captured/sikuliximage-1685555887935.png'/&gt;</msg>
<status status="PASS" starttime="20230531 14:58:07.688" endtime="20230531 14:58:07.940"/>
</kw>
<kw name="Valida valores finais do orçamento" library="keyOrcamentos1">
<kw name="Query" library="DatabaseLibrary">
<var>${VALOR_ENTRADA}</var>
<arg>SELECT o.ValorEntrada FROM orcamentos AS o WHERE Codigo = ${COD_ORCAMENTO}</arg>
<doc>Uses the input `selectStatement` to query for the values that will be returned as a list of tuples. Set optional
input `sansTran` to True to run command without an explicit transaction commit or rollback.
Set optional input `returnAsDict` to True to return values as a list of dictionaries.</doc>
<msg timestamp="20230531 14:58:07.941" level="INFO">Executing : Query  |  SELECT o.ValorEntrada FROM orcamentos AS o WHERE Codigo = 1309 </msg>
<msg timestamp="20230531 14:58:07.944" level="INFO">${VALOR_ENTRADA} = ((258.16,),)</msg>
<status status="PASS" starttime="20230531 14:58:07.940" endtime="20230531 14:58:07.944"/>
</kw>
<kw name="Sleep" library="BuiltIn">
<arg>${SLEEP_BAIXO}</arg>
<doc>Pauses the test executed for the given time.</doc>
<msg timestamp="20230531 14:58:08.244" level="INFO">Slept 300 milliseconds</msg>
<status status="PASS" starttime="20230531 14:58:07.944" endtime="20230531 14:58:08.244"/>
</kw>
<kw name="Query" library="DatabaseLibrary">
<var>${VALOR_FINALPAG}</var>
<arg>SELECT o.ValorFinalPagamentos FROM orcamentos AS o WHERE Codigo = ${COD_ORCAMENTO}</arg>
<doc>Uses the input `selectStatement` to query for the values that will be returned as a list of tuples. Set optional
input `sansTran` to True to run command without an explicit transaction commit or rollback.
Set optional input `returnAsDict` to True to return values as a list of dictionaries.</doc>
<msg timestamp="20230531 14:58:08.244" level="INFO">Executing : Query  |  SELECT o.ValorFinalPagamentos FROM orcamentos AS o WHERE Codigo = 1309 </msg>
<msg timestamp="20230531 14:58:08.247" level="INFO">${VALOR_FINALPAG} = ((258.16,),)</msg>
<status status="PASS" starttime="20230531 14:58:08.244" endtime="20230531 14:58:08.247"/>
</kw>
<kw name="Sleep" library="BuiltIn">
<arg>${SLEEP_BAIXO}</arg>
<doc>Pauses the test executed for the given time.</doc>
<msg timestamp="20230531 14:58:08.548" level="INFO">Slept 300 milliseconds</msg>
<status status="PASS" starttime="20230531 14:58:08.247" endtime="20230531 14:58:08.548"/>
</kw>
<kw name="Query" library="DatabaseLibrary">
<var>${TOTAL_PEDIDO}</var>
<arg>SELECT o.TotalPedido FROM orcamentos AS o WHERE Codigo = ${COD_ORCAMENTO}</arg>
<doc>Uses the input `selectStatement` to query for the values that will be returned as a list of tuples. Set optional
input `sansTran` to True to run command without an explicit transaction commit or rollback.
Set optional input `returnAsDict` to True to return values as a list of dictionaries.</doc>
<msg timestamp="20230531 14:58:08.548" level="INFO">Executing : Query  |  SELECT o.TotalPedido FROM orcamentos AS o WHERE Codigo = 1309 </msg>
<msg timestamp="20230531 14:58:08.550" level="INFO">${TOTAL_PEDIDO} = ((258.16,),)</msg>
<status status="PASS" starttime="20230531 14:58:08.548" endtime="20230531 14:58:08.550"/>
</kw>
<kw name="Sleep" library="BuiltIn">
<arg>${SLEEP_BAIXO}</arg>
<doc>Pauses the test executed for the given time.</doc>
<msg timestamp="20230531 14:58:08.851" level="INFO">Slept 300 milliseconds</msg>
<status status="PASS" starttime="20230531 14:58:08.550" endtime="20230531 14:58:08.851"/>
</kw>
<kw name="Query" library="DatabaseLibrary">
<var>${FORMA_PARCELAMENTO}</var>
<arg>SELECT o.FormaParcelamento FROM orcamentos AS o WHERE Codigo = ${COD_ORCAMENTO}</arg>
<doc>Uses the input `selectStatement` to query for the values that will be returned as a list of tuples. Set optional
input `sansTran` to True to run command without an explicit transaction commit or rollback.
Set optional input `returnAsDict` to True to return values as a list of dictionaries.</doc>
<msg timestamp="20230531 14:58:08.851" level="INFO">Executing : Query  |  SELECT o.FormaParcelamento FROM orcamentos AS o WHERE Codigo = 1309 </msg>
<msg timestamp="20230531 14:58:08.853" level="INFO">${FORMA_PARCELAMENTO} = (('001 - À VISTA',),)</msg>
<status status="PASS" starttime="20230531 14:58:08.851" endtime="20230531 14:58:08.853"/>
</kw>
<kw name="Convert To String" library="BuiltIn">
<var>${forma_avista}</var>
<arg>001 - À VISTA</arg>
<doc>Converts the given item to a Unicode string.</doc>
<msg timestamp="20230531 14:58:08.854" level="INFO">${forma_avista} = 001 - À VISTA</msg>
<status status="PASS" starttime="20230531 14:58:08.854" endtime="20230531 14:58:08.854"/>
</kw>
<kw name="Should Be Equal As Strings" library="BuiltIn">
<var>${verifica_forma}</var>
<arg>${FORMA_PARCELAMENTO[0][0]}</arg>
<arg>${forma_avista}</arg>
<doc>Fails if objects are unequal after converting them to strings.</doc>
<msg timestamp="20230531 14:58:08.855" level="INFO">${verifica_forma} = None</msg>
<status status="PASS" starttime="20230531 14:58:08.854" endtime="20230531 14:58:08.855"/>
</kw>
<if>
<branch type="IF" condition="${verifica_forma} == ${True}">
<kw name="Should Be Equal" library="BuiltIn">
<arg>${TOTAL_PEDIDO[0][0]}</arg>
<arg>${VALOR_ENTRADA[0][0]}</arg>
<doc>Fails if the given objects are unequal.</doc>
<status status="NOT RUN" starttime="20230531 14:58:08.855" endtime="20230531 14:58:08.855"/>
</kw>
<kw name="Sleep" library="BuiltIn">
<arg>${SLEEP_BAIXO}</arg>
<doc>Pauses the test executed for the given time.</doc>
<status status="NOT RUN" starttime="20230531 14:58:08.855" endtime="20230531 14:58:08.855"/>
</kw>
<status status="NOT RUN" starttime="20230531 14:58:08.855" endtime="20230531 14:58:08.855"/>
</branch>
<status status="PASS" starttime="20230531 14:58:08.855" endtime="20230531 14:58:08.855"/>
</if>
<kw name="Sleep" library="BuiltIn">
<arg>${SLEEP_BAIXO}</arg>
<doc>Pauses the test executed for the given time.</doc>
<msg timestamp="20230531 14:58:09.156" level="INFO">Slept 300 milliseconds</msg>
<status status="PASS" starttime="20230531 14:58:08.855" endtime="20230531 14:58:09.156"/>
</kw>
<kw name="Should Be Equal" library="BuiltIn">
<arg>${TOTAL_PEDIDO[0][0]}</arg>
<arg>${VALOR_FINALPAG[0][0]}</arg>
<doc>Fails if the given objects are unequal.</doc>
<status status="PASS" starttime="20230531 14:58:09.156" endtime="20230531 14:58:09.159"/>
</kw>
<status status="PASS" starttime="20230531 14:58:07.940" endtime="20230531 14:58:09.160"/>
</kw>
<status status="PASS" starttime="20230531 14:58:07.183" endtime="20230531 14:58:09.160"/>
</kw>
<tag>Teste15</tag>
<status status="PASS" starttime="20230531 14:57:57.886" endtime="20230531 14:58:09.161"/>
</test>
<doc>Testes básicos em orçamentos, inlcuindo produtos, excluindo, editando.</doc>
<status status="PASS" starttime="20230531 14:54:05.539" endtime="20230531 14:58:09.164"/>
</suite>
<statistics>
<total>
<stat pass="15" fail="0" skip="0">All Tests</stat>
</total>
<tag>
<stat pass="1" fail="0" skip="0">Teste01</stat>
<stat pass="1" fail="0" skip="0">Teste02</stat>
<stat pass="1" fail="0" skip="0">Teste03</stat>
<stat pass="1" fail="0" skip="0">Teste04</stat>
<stat pass="1" fail="0" skip="0">Teste05</stat>
<stat pass="1" fail="0" skip="0">Teste06</stat>
<stat pass="1" fail="0" skip="0">Teste07</stat>
<stat pass="1" fail="0" skip="0">Teste08</stat>
<stat pass="1" fail="0" skip="0">Teste09</stat>
<stat pass="1" fail="0" skip="0">Teste10</stat>
<stat pass="1" fail="0" skip="0">Teste11</stat>
<stat pass="1" fail="0" skip="0">Teste12</stat>
<stat pass="1" fail="0" skip="0">Teste13</stat>
<stat pass="1" fail="0" skip="0">Teste14</stat>
<stat pass="1" fail="0" skip="0">Teste15</stat>
</tag>
<suite>
<stat pass="15" fail="0" skip="0" id="s1" name="Orcamentos1">Orcamentos1</stat>
</suite>
</statistics>
<errors>
</errors>
</robot>
